[???] -------- Sep 19, 2016, 6:30:04 PM, Loading https://slack.com/signin --------
[???] -------- OS X Version: Version 10.11.6 (Build 15G1004) --------
[???] -------- App Version: 2.0.3 (Mac App Store) --------
[???] -------- Sep 19, 2016, 6:30:04 PM, Loading https://slack.com/signin --------
[???] -------- OS X Version: Version 10.11.6 (Build 15G1004) --------
[???] -------- App Version: 2.0.3 (Mac App Store) --------
[???] :0: Unrecognized Content-Security-Policy directive 'referrer'.
[???] signin:367: 2016/9/19 18:30:07.482 didFinishLoading called, clearing TSSSB.timeout_tim
[???] :0: Unrecognized Content-Security-Policy directive 'referrer'.
[???] -------- Sep 19, 2016, 6:30:09 PM, Loading about:blank --------
[???] -------- OS X Version: Version 10.11.6 (Build 15G1004) --------
[???] -------- App Version: 2.0.3 (Mac App Store) --------
[???] :0: Unrecognized Content-Security-Policy directive 'referrer'.
[???] :0: Unrecognized Content-Security-Policy directive 'referrer'.
[???] :0: Unrecognized Content-Security-Policy directive 'referrer'.
[???] -------- Sep 19, 2016, 6:30:09 PM, Loading about:blank --------
[???] -------- OS X Version: Version 10.11.6 (Build 15G1004) --------
[???] -------- App Version: 2.0.3 (Mac App Store) --------
[???] :0: Unrecognized Content-Security-Policy directive 'referrer'.
[???] :0: Unrecognized Content-Security-Policy directive 'referrer'.
[???] :0: Unrecognized Content-Security-Policy directive 'referrer'.
[???] -------- Sep 19, 2016, 6:30:09 PM, Loading about:blank --------
[???] -------- OS X Version: Version 10.11.6 (Build 15G1004) --------
[???] -------- App Version: 2.0.3 (Mac App Store) --------
[???] :0: Unrecognized Content-Security-Policy directive 'referrer'.
[???] :0: Unrecognized Content-Security-Policy directive 'referrer'.