09/19/16 13:43:15:192 | [INFO] | 92501 | ACCC | C3App | ApplicationContext |  | C3App | 2486140 | ************************* START Adobe Creative Cloud. Version: 3.5.1.209 *************************
09/19/16 13:43:15:228 | [INFO] | 92501 | ACCC | Core | AsyncMessageProcessor |  | Core | 2486140 | AsyncMessageProcessorMac initialized...
09/19/16 13:43:15:231 | [INFO] | 92501 | ACCC | Core | AsyncMessageProcessor |  | Core | 2486140 | AsyncMessageProcessorMac Message Queue initialized...
09/19/16 13:43:15:239 | [INFO] | 92501 | ACCC | Core | AppletManager |  | Core | 2486140 | Loading PIM library from path: /Library/Application Support/Adobe/Adobe Desktop Common/Core/AdobePIM.dylib
09/19/16 13:43:15:242 | [INFO] | 92501 | ACCC | Core | AppletManager |  | Core | 2486140 | Querying applet database
09/19/16 13:43:15:254 | [INFO] | 92501 | ACCC | Core | AppletManager |  | Core | 2486140 | Registering Applets...
09/19/16 13:43:15:269 | [INFO] | 92501 | ACCC | Core | AppletManager |  | Core | 2486140 | Registering Applets...
09/19/16 13:43:15:292 | [INFO] | 92501 | ACCC | Core | AppletManager |  | Core | 2486140 | Identifying applet relationships...
09/19/16 13:43:15:304 | [INFO] | 92501 | ACCC | Core | AppletManager |  | Core | 2486140 | Identifying applet relationships...
09/19/16 13:43:15:316 | [INFO] | 92501 | ACCC | Core | Applet |  | Core | 2486140 | Loading Applet - CmdCntr_CoreExt for InstanceID - CoreInstance
09/19/16 13:43:16:351 | [INFO] | 92501 | ACCC | VulcanWrapper | VulcanInterface |  | VulcanWrapper | 2486271 | Received RefreshEndPoints callback:
09/19/16 13:43:16:352 | [INFO] | 92501 | ACCC | VulcanWrapper | VulcanInterface |  | VulcanWrapper | 2486271 | Received RefreshEndPoints callback:
09/19/16 13:43:16:362 | [INFO] | 92501 | ACCC | Core | Applet |  | Core | 2486140 | Loading Applet - C3Prefs_CoreExt for InstanceID - CoreInstance
09/19/16 13:43:16:366 | [INFO] | 92501 | ACCC | C3PrefsCoreExt |  |  | C3PrefsCoreExt | 2486140 | Initialize called: <?xml version="1.0" encoding="UTF-8" standalone="no"?>
<CommandLineArguments ApplicationID="ACCC" IsServiceInstance="0">
    <appletID>C3Prefs_CoreExt</appletID>
    <appletVersion>1.0</appletVersion>
    <appletInstanceID>CoreInstance</appletInstanceID>
    <appletDIR>/Library/Application Support/Adobe/Adobe Desktop Common/CoreExt</appletDIR>
</CommandLineArguments>
09/19/16 13:43:16:367 | [INFO] | 92501 | ACCC | Core | Applet |  | Core | 2486140 | Loading Applet - LocManager_CoreExt for InstanceID - CoreInstance
09/19/16 13:43:16:370 | [INFO] | 92501 | ACCC | LocalizationManager |  |  | LocalizationManager | 2486140 | LocalizationManager Initialized
09/19/16 13:43:16:370 | [INFO] | 92501 | ACCC | Core | Applet |  | Core | 2486140 | Loading Applet - Analytics_CoreExt for InstanceID - CoreInstance
09/19/16 13:43:16:373 | [INFO] | 92501 | ACCC | ACE | ACE |  | ACE | 2486140 | ACE Initialized
09/19/16 13:43:16:375 | [INFO] | 92501 | ACCC | C3PrefsCoreExt | C3PrefsMessageProcessor |  | C3PrefsCoreExt | 2486140 | Inside GetLocalConfigXmlPath
09/19/16 13:43:16:376 | [WARN] | 92501 | ACCC | OOBEUtils | XMLParser |  | OOBEUtils | 2486140 | ERROR invalid xml file path. Could not read data from path /Applications/Utilities/Adobe Creative Cloud//C3Config.sig
09/19/16 13:43:16:377 | [WARN] | 92501 | ACCC | OOBEUtils | XMLParser |  | OOBEUtils | 2486140 | Error Description Error Domain=NSCocoaErrorDomain Code=260 "The file “C3Config.sig” couldn’t be opened because there is no such file." UserInfo={NSFilePath=/Applications/Utilities/Adobe Creative Cloud//C3Config.sig, NSUnderlyingError=0x7871ab20 {Error Domain=NSPOSIXErrorDomain Code=2 "No such file or directory"}}
09/19/16 13:43:16:378 | [WARN] | 92501 | ACCC | C3PrefsCoreExt |  |  | C3PrefsCoreExt | 2486140 | Could not initialize C3Config sig file as XML data
09/19/16 13:43:16:379 | [INFO] | 92501 | ACCC | ACE |  |  | ACE | 2486140 | ETS environment is: 7
09/19/16 13:43:16:381 | [INFO] | 92501 | ACCC | ACE |  |  | ACE | 2486140 | OS Bitness is: 64
09/19/16 13:43:16:382 | [INFO] | 92501 | ACCC | ACE |  |  | ACE | 2486140 | osVersion Received is  10.11.6
09/19/16 13:43:16:384 | [INFO] | 92501 | ACCC | OOBEUtils | CommandLineParser |  | OOBEUtils | 2486140 | Parsing the command line provided. Number of command line arguments is 3
09/19/16 13:43:16:401 | [INFO] | 92501 | ACCC | C3App | LocalizationManager |  | C3App | 2486140 | Dictionary Path: /Applications/Utilities/Adobe Creative Cloud/ACC/Creative Cloud.app/Contents/Resources/Dictionary/en_US/stringTable.zdct
09/19/16 13:43:16:402 | [INFO] | 92501 | ACCC | C3App | LocalizationManager |  | C3App | 2486140 | Dictionary reading successful.
09/19/16 13:43:16:434 | [INFO] | 92501 | ACCC | Core | Applet |  | Core | 2486140 | Loading Applet - HEX_UIX for InstanceID - UIXInstance
09/19/16 13:43:16:448 | [INFO] | 92501 | ACCC | HEX |  |  | HEX | 2486140 | Initialize called: <?xml version="1.0" encoding="UTF-8" standalone="no"?>
<CommandLineArguments ApplicationID="" IsServiceInstance="">
    <appletID>HEX_UIX</appletID>
    <appletVersion>1.0</appletVersion>
    <appletInstanceID>UIXInstance</appletInstanceID>
    <appletDIR>/Library/Application Support/Adobe/Adobe Desktop Common/HEX</appletDIR>
</CommandLineArguments>
09/19/16 13:43:16:469 | [INFO] | 92501 | ACCC | HEX | HEX |  | HEX | 2486140 | HEX Initialized with View ID as 0x7870e2a0
09/19/16 13:43:16:470 | [INFO] | 92501 | ACCC | Core | Applet |  | Core | 2486140 | Loading Applet - C3Container_UINative for InstanceID - 7A37CFB3-E431-4DAB-9E87-0253A36859BB
09/19/16 13:43:16:484 | [INFO] | 92501 | ACCC | c3containerUI | MessageHandler |  | c3containerUI | 2486140 | 
09/19/16 13:43:16:587 | [INFO] | 92501 | ACCC | c3containerUI | MessageHandler |  | c3containerUI | 2486140 | LoadTimeLogs : Inside PreACCCStartedUp, Native Window Created. Creating View now...
09/19/16 13:43:16:588 | [INFO] | 92501 | ACCC | c3containerUI | UIManager |  | c3containerUI | 2486140 | LoadTimeLogsCreateView
09/19/16 13:43:16:669 | [INFO] | 92501 | ACCC | c3containerUI | UIManager |  | c3containerUI | 2486140 | Load UICore & UIMain
09/19/16 13:43:16:670 | [INFO] | 92501 | ACCC | HEX | HEX |  | HEX | 2486140 | Inside LoadBindings
09/19/16 13:43:16:671 | [INFO] | 92501 | ACCC | HEX | HEX |  | HEX | 2486140 | Inside LoadBindings
09/19/16 13:43:16:673 | [INFO] | 92501 | ACCC | HEX | HEX |  | HEX | 2486140 | Inside LoadBindings
09/19/16 13:43:16:674 | [INFO] | 92501 | ACCC | HEX | HEX |  | HEX | 2486140 | Inside LoadBindings
09/19/16 13:43:16:675 | [INFO] | 92501 | ACCC | HEX | HEX |  | HEX | 2486140 | Inside loadEventBindings
09/19/16 13:43:16:676 | [INFO] | 92501 | ACCC | HEX | HEX |  | HEX | 2486140 | Return from loadEventBindings: 1
09/19/16 13:43:16:677 | [INFO] | 92501 | ACCC | HEX | HEX |  | HEX | 2486140 | Inside loadPropertyBindings
09/19/16 13:43:16:678 | [INFO] | 92501 | ACCC | HEX | HEX |  | HEX | 2486140 | Inside registerPropertyBindingsWithCore
09/19/16 13:43:16:680 | [WARN] | 92501 | ACCC | Core | CoreCommandHandler |  | Core | 2486140 | No property specified in RegisterProperties xml data
09/19/16 13:43:16:680 | [INFO] | 92501 | ACCC | HEX | HEX |  | HEX | 2486140 | Return from registerPropertyBindingsWithCore
09/19/16 13:43:16:681 | [INFO] | 92501 | ACCC | HEX | HEX |  | HEX | 2486140 | Return from loadPropertyBindings: 1
09/19/16 13:43:16:682 | [INFO] | 92501 | ACCC | HEX | HEX |  | HEX | 2486140 | Inside LoadBindings
09/19/16 13:43:16:683 | [WARN] | 92501 | ACCC | OOBEUtils | XMLParser |  | OOBEUtils | 2486140 | Error Description : XML is already initialized, tring to initilize again.
09/19/16 13:43:16:685 | [INFO] | 92501 | ACCC | HEX | HEX |  | HEX | 2486140 | Inside LoadBindings
09/19/16 13:43:16:686 | [INFO] | 92501 | ACCC | HEX | HEX |  | HEX | 2486140 | Inside LoadBindings
09/19/16 13:43:16:687 | [INFO] | 92501 | ACCC | HEX | HEX |  | HEX | 2486140 | Inside LoadBindings
09/19/16 13:43:16:689 | [INFO] | 92501 | ACCC | HEX | HEX |  | HEX | 2486140 | Inside LoadBindings
09/19/16 13:43:16:692 | [INFO] | 92501 | ACCC | LocalizationManager |  |  | LocalizationManager | 2486140 | Inside GetLocaleForApplet
09/19/16 13:43:16:695 | [INFO] | 92501 | ACCC | HEX | HEX |  | HEX | 2486140 | attachParentWindowEx successful with Viewptr as 0x7864f850
09/19/16 13:43:16:696 | [INFO] | 92501 | ACCC | HEX | HEX |  | HEX | 2486140 | Load URL Successful file:////Applications/Utilities/Adobe Creative Cloud/ACC/resource/UICore/host.html
09/19/16 13:43:16:698 | [INFO] | 92501 | ACCC | c3containerUI | UIManager |  | c3containerUI | 2486140 | View Created
09/19/16 13:43:16:701 | [ERROR] | 92501 | ACCC | HEX | HEX |  | HEX | 2486140 | Inside ShowView: stringValueForXQuery failed for //guid or guid is empty. inXMLData = <?xml version="1.0" encoding="UTF-8" standalone="no"?>
<xmldata>
    <guid></guid>
    <isvisible>0</isvisible>
</xmldata>
09/19/16 13:43:16:702 | [ERROR] | 92501 | ACCC | HEX | HEX |  | HEX | 2486140 | Inside HideView: stringValueForXQuery failed for //guid or guid is empty. inXMLData = <?xml version="1.0" encoding="UTF-8" standalone="no"?>
<xmldata>
    <guid></guid>
    <isvisible>0</isvisible>
</xmldata>
09/19/16 13:43:16:704 | [INFO] | 92501 | ACCC | c3containerUI | MessageHandler |  | c3containerUI | 2486140 | LoadTimeLogs : Inside PreACCCStartedUp, Create View Done...
09/19/16 13:43:16:705 | [INFO] | 92501 | ACCC | c3containerUI | MessageHandler |  | c3containerUI | 2486449 | LoadTimeLogs: Inside threadWaitingForADSAck...
09/19/16 13:43:16:708 | [INFO] | 92501 | ACCC | c3containerUI | MessageHandler |  | c3containerUI | 2486140 | LoadTimeLogs : PreACCCStartedUp done...
09/19/16 13:43:16:710 | [INFO] | 92501 | ACCC | c3containerUI | UserProfileData |  | c3containerUI | 2486270 | Get Profile Data...
09/19/16 13:43:16:710 | [WARN] | 92501 | ACCC | c3containerUI | UserProfileData |  | c3containerUI | 2486270 | User Profile Data not present!
09/19/16 13:43:16:712 | [INFO] |  | ACCC | Analytics | ETSFramework |  |  | 2486270 | Event Guid generated is: '1ea40dc7-a1cb-4175-bc2b-9d28243c63b5'
09/19/16 13:43:16:713 | [INFO] |  | ACCC | Analytics | ETSFramework |  |  | 2486418 | Event with guid '1ea40dc7-a1cb-4175-bc2b-9d28243c63b5' is being sent
09/19/16 13:43:16:731 | [INFO] | 92501 | ACCC | c3containerUI | ApplicationContext |  | c3containerUI | 2486450 | 
09/19/16 13:43:16:734 | [INFO] | 92501 | ACCC | VulcanWrapper | VulcanInterface |  | VulcanWrapper | 2486271 | Received RefreshEndPoints callback:
09/19/16 13:43:16:745 | [WARN] | 92501 | ACCC | VulcanWrapper | VulcanInterface |  | VulcanWrapper | 2486258 | Could not get ADCS endpoint, ignoring message !
09/19/16 13:43:16:803 | [INFO] | 64111 | ADCS | C3App | ApplicationContext |  | C3App | 2486452 | ************************* START Adobe Creative Cloud. Version: 3.5.1.209 *************************
09/19/16 13:43:16:805 | [INFO] | 64111 | ADCS | Core | AsyncMessageProcessor |  | Core | 2486452 | AsyncMessageProcessorMac initialized...
09/19/16 13:43:16:806 | [INFO] | 64111 | ADCS | Core | AsyncMessageProcessor |  | Core | 2486452 | AsyncMessageProcessorMac Message Queue initialized...
09/19/16 13:43:16:810 | [INFO] | 64111 | ADCS | Core | AppletManager |  | Core | 2486452 | Loading PIM library from path: /Library/Application Support/Adobe/Adobe Desktop Common/Core/AdobePIM.dylib
09/19/16 13:43:16:812 | [INFO] | 64111 | ADCS | Core | AppletManager |  | Core | 2486452 | Querying applet database
09/19/16 13:43:16:817 | [INFO] | 64111 | ADCS | Core | AppletManager |  | Core | 2486452 | Registering Applets...
09/19/16 13:43:16:823 | [INFO] | 64111 | ADCS | Core | AppletManager |  | Core | 2486452 | Registering Applets...
09/19/16 13:43:16:832 | [INFO] | 64111 | ADCS | Core | AppletManager |  | Core | 2486452 | Registering Applets...
09/19/16 13:43:16:841 | [INFO] | 64111 | ADCS | Core | AppletManager |  | Core | 2486452 | Identifying applet relationships...
09/19/16 13:43:16:842 | [INFO] | 64111 | ADCS | Core | AppletManager |  | Core | 2486452 | Applet relationship information not present!
09/19/16 13:43:16:843 | [INFO] | 64111 | ADCS | Core | AppletManager |  | Core | 2486452 | Identifying applet relationships...
09/19/16 13:43:16:845 | [INFO] | 64111 | ADCS | Core | AppletManager |  | Core | 2486452 | Identifying applet relationships...
09/19/16 13:43:16:853 | [INFO] | 64111 | ADCS | Core | AppletManager |  | Core | 2486452 | CoreExtensions tag missing, loading all the available coreExtentions
09/19/16 13:43:16:854 | [INFO] | 64111 | ADCS | Core | Applet |  | Core | 2486452 | Loading Applet - CmdCntr_CoreExt for InstanceID - CoreInstance
09/19/16 13:43:16:859 | [INFO] | 64111 | ADCS | VulcanWrapper | VulcanInterface |  | VulcanWrapper | 2486468 | Received RefreshEndPoints callback:
09/19/16 13:43:16:859 | [INFO] | 92501 | ACCC | VulcanWrapper | VulcanInterface |  | VulcanWrapper | 2486271 | Received RefreshEndPoints callback:
09/19/16 13:43:16:860 | [INFO] | 64111 | ADCS | VulcanWrapper | VulcanInterface |  | VulcanWrapper | 2486468 | Received RefreshEndPoints callback:
09/19/16 13:43:16:870 | [INFO] | 64111 | ADCS | Core | Applet |  | Core | 2486452 | Loading Applet - C3Prefs_CoreExt for InstanceID - CoreInstance
09/19/16 13:43:16:874 | [INFO] | 64111 | ADCS | C3PrefsCoreExt |  |  | C3PrefsCoreExt | 2486452 | Initialize called: <?xml version="1.0" encoding="UTF-8" standalone="no"?>
<CommandLineArguments ApplicationID="ADCS" IsServiceInstance="1">
    <appletID>C3Prefs_CoreExt</appletID>
    <appletVersion>1.0</appletVersion>
    <appletInstanceID>CoreInstance</appletInstanceID>
    <appletDIR>/Library/Application Support/Adobe/Adobe Desktop Common/CoreExt</appletDIR>
</CommandLineArguments>
09/19/16 13:43:16:875 | [INFO] | 64111 | ADCS | Core | Applet |  | Core | 2486452 | Loading Applet - LocManager_CoreExt for InstanceID - CoreInstance
09/19/16 13:43:16:878 | [INFO] | 64111 | ADCS | LocalizationManager |  |  | LocalizationManager | 2486452 | LocalizationManager Initialized
09/19/16 13:43:16:879 | [INFO] | 64111 | ADCS | Core | Applet |  | Core | 2486452 | Loading Applet - Analytics_CoreExt for InstanceID - CoreInstance
09/19/16 13:43:16:882 | [INFO] | 64111 | ADCS | ACE | ACE |  | ACE | 2486452 | ACE Initialized
09/19/16 13:43:16:883 | [INFO] | 64111 | ADCS | C3PrefsCoreExt | C3PrefsMessageProcessor |  | C3PrefsCoreExt | 2486452 | Inside GetLocalConfigXmlPath
09/19/16 13:43:16:884 | [WARN] | 64111 | ADCS | OOBEUtils | XMLParser |  | OOBEUtils | 2486452 | ERROR invalid xml file path. Could not read data from path /Applications/Utilities/Adobe Creative Cloud//C3Config.sig
09/19/16 13:43:16:886 | [WARN] | 64111 | ADCS | OOBEUtils | XMLParser |  | OOBEUtils | 2486452 | Error Description Error Domain=NSCocoaErrorDomain Code=260 "The file “C3Config.sig” couldn’t be opened because there is no such file." UserInfo={NSFilePath=/Applications/Utilities/Adobe Creative Cloud//C3Config.sig, NSUnderlyingError=0x79866d70 {Error Domain=NSPOSIXErrorDomain Code=2 "No such file or directory"}}
09/19/16 13:43:16:887 | [WARN] | 64111 | ADCS | C3PrefsCoreExt |  |  | C3PrefsCoreExt | 2486452 | Could not initialize C3Config sig file as XML data
09/19/16 13:43:16:888 | [INFO] | 64111 | ADCS | ACE |  |  | ACE | 2486452 | ETS environment is: 7
09/19/16 13:43:16:890 | [INFO] | 64111 | ADCS | ACE |  |  | ACE | 2486452 | OS Bitness is: 64
09/19/16 13:43:16:891 | [INFO] | 64111 | ADCS | ACE |  |  | ACE | 2486452 | osVersion Received is  10.11.6
09/19/16 13:43:16:893 | [INFO] | 64111 | ADCS | Core | Applet |  | Core | 2486452 | Loading Applet - ElevationManager_CoreExt for InstanceID - CoreInstance
09/19/16 13:43:16:905 | [INFO] | 64111 | ADCS | ElevationManager |  |  | ElevationManager | 2486452 | Initialize called: <?xml version="1.0" encoding="UTF-8" standalone="no"?>
<CommandLineArguments ApplicationID="ADCS" IsServiceInstance="1">
    <appletID>ElevationManager_CoreExt</appletID>
    <appletVersion>1.0</appletVersion>
    <appletInstanceID>CoreInstance</appletInstanceID>
    <appletDIR>/Library/Application Support/Adobe/Adobe Desktop Common/ElevationManager</appletDIR>
</CommandLineArguments>
09/19/16 13:43:16:906 | [INFO] | 64111 | ADCS | ElevationManager | ElevationManagerIPC |  | ElevationManager | 2486472 | Initializing Connection Channel with Service with pipename: F7C71944B49B446081C0603DE90E4855
09/19/16 13:43:16:910 | [INFO] | 64111 | ADCS | LocalizationManager | LocalizationManager |  | LocalizationManager | 2486452 | Dictionary Path: /Library/Application Support/Adobe/Adobe Desktop Common/ElevationManager/resource/Dictionary/en_US/stringTable.zdct
09/19/16 13:43:16:911 | [INFO] | 64111 | ADCS | LocalizationManager | LocalizationManager |  | LocalizationManager | 2486452 | Dictionary reading successful.
09/19/16 13:43:16:912 | [INFO] | 64111 | ADCS | Core | Applet |  | Core | 2486452 | Loading Applet - ANSClient_CoreExt for InstanceID - CoreInstance
09/19/16 13:43:16:929 | [INFO] | 64111 | ADCS | ANSClient |  |  | ANSClient | 2486452 | Initialize called: <?xml version="1.0" encoding="UTF-8" standalone="no"?>
<CommandLineArguments ApplicationID="ADCS" IsServiceInstance="1">
    <appletID>ANSClient_CoreExt</appletID>
    <appletVersion>1.0</appletVersion>
    <appletInstanceID>CoreInstance</appletInstanceID>
    <appletDIR>/Library/Application Support/Adobe/Adobe Desktop Common/Notifications</appletDIR>
</CommandLineArguments>
09/19/16 13:43:16:931 | [INFO] | 64111 | ADCS | ANSClient | NEGlobalData |  | ANSClient | 2486452 | Build Version - 3.5.0.205
09/19/16 13:43:16:934 | [INFO] | 64111 | ADCS | Core | Applet |  | Core | 2486452 | Loading Applet - NotificationManager_CoreExt for InstanceID - CoreInstance
09/19/16 13:43:16:947 | [INFO] | 64111 | ADCS | NotificationManager |  |  | NotificationManager | 2486452 | Initialize called: <?xml version="1.0" encoding="UTF-8" standalone="no"?>
<CommandLineArguments ApplicationID="ADCS" IsServiceInstance="1">
    <appletID>NotificationManager_CoreExt</appletID>
    <appletVersion>1.0</appletVersion>
    <appletInstanceID>CoreInstance</appletInstanceID>
    <appletDIR>/Library/Application Support/Adobe/Adobe Desktop Common/Notifications</appletDIR>
</CommandLineArguments>
09/19/16 13:43:16:949 | [INFO] | 64111 | ADCS | C3PrefsCoreExt | C3PrefsMessageProcessor |  | C3PrefsCoreExt | 2486452 | Inside GetLocalConfigXmlPath
09/19/16 13:43:16:950 | [WARN] | 64111 | ADCS | OOBEUtils | XMLParser |  | OOBEUtils | 2486452 | ERROR invalid xml file path. Could not read data from path /Applications/Utilities/Adobe Creative Cloud//C3Config.sig
09/19/16 13:43:16:951 | [WARN] | 64111 | ADCS | OOBEUtils | XMLParser |  | OOBEUtils | 2486452 | Error Description Error Domain=NSCocoaErrorDomain Code=260 "The file “C3Config.sig” couldn’t be opened because there is no such file." UserInfo={NSFilePath=/Applications/Utilities/Adobe Creative Cloud//C3Config.sig, NSUnderlyingError=0x798746b0 {Error Domain=NSPOSIXErrorDomain Code=2 "No such file or directory"}}
09/19/16 13:43:16:952 | [WARN] | 64111 | ADCS | C3PrefsCoreExt |  |  | C3PrefsCoreExt | 2486452 | Could not initialize C3Config sig file as XML data
09/19/16 13:43:16:954 | [INFO] | 64111 | ADCS | LocalizationManager | LocalizationManager |  | LocalizationManager | 2486452 | Dictionary Path: /Library/Application Support/Adobe/Adobe Desktop Common/Notifications/Resources/NotificationManager/Dictionary/en_US/stringTable.zdct
09/19/16 13:43:16:955 | [INFO] | 64111 | ADCS | LocalizationManager | LocalizationManager |  | LocalizationManager | 2486452 | Dictionary reading successful.
09/19/16 13:43:16:960 | [WARN] | 64111 | ADCS | Core | ExternalGateway |  | Core | 2486452 | Message 'GetApplicationVersion': Target applet not loaded.
09/19/16 13:43:16:961 | [INFO] | 64111 | ADCS | Core | Applet |  | Core | 2486452 | Loading Applet - TrayNotificationManager_CoreExt for InstanceID - CoreInstance
09/19/16 13:43:16:974 | [INFO] | 64111 | ADCS | NotificationManager |  |  | NotificationManager | 2486452 | Initialize called: <?xml version="1.0" encoding="UTF-8" standalone="no"?>
<CommandLineArguments ApplicationID="ADCS" IsServiceInstance="1">
    <appletID>TrayNotificationManager_CoreExt</appletID>
    <appletVersion>1.0</appletVersion>
    <appletInstanceID>CoreInstance</appletInstanceID>
    <appletDIR>/Library/Application Support/Adobe/Adobe Desktop Common/Notifications</appletDIR>
</CommandLineArguments>
09/19/16 13:43:16:976 | [INFO] | 64111 | ADCS | NotificationManager | TrayNotificationManager |  | NotificationManager | 2486452 | TrayNotificationManager Initialized
09/19/16 13:43:16:978 | [INFO] | 64111 | ADCS | OOBEUtils | CommandLineParser |  | OOBEUtils | 2486452 | Parsing the command line provided. Number of command line arguments is 4
09/19/16 13:43:16:979 | [INFO] | 64111 | ADCS | Core | Applet |  | Core | 2486452 | Loading Applet - C3Container_BL for InstanceID - 58C2202B-A9BF-4B5D-8C9A-CE2B3AB5F90F
09/19/16 13:43:16:999 | [INFO] | 64111 | ADCS | c3containerBL | CCDetectProxyServer |  | c3containerBL | 2486452 | Successfully bind at port: 15292
09/19/16 13:43:17:008 | [INFO] | 64111 | ADCS | ElevationManager | ElevationManagerIPC |  | ElevationManager | 2486472 | Success: Initializing Connection Channel with Service with pipename: F7C71944B49B446081C0603DE90E4855
09/19/16 13:43:17:009 | [INFO] | 64111 | ADCS | ElevationManager | ElevationManagerIPC |  | ElevationManager | 2486472 | createConnectionThread Entered
09/19/16 13:43:17:010 | [INFO] | 64111 | ADCS | ElevationManager | ElevationManagerIPC |  | ElevationManager | 2486472 | Successfully created connection thread
09/19/16 13:43:17:011 | [INFO] | 64111 | ADCS | ElevationManager | ElevationManagerIPC |  | ElevationManager | 2486489 | Inside listenConnectionPackets in Elevation Manager doing CBReadPacket on the Connection thread...
09/19/16 13:43:17:012 | [INFO] | 64111 | ADCS | ElevationManager | ElevationManagerIPC |  | ElevationManager | 2486489 | read packet result 1.. Waiting on m_EventHandleClientRequest
09/19/16 13:43:17:017 | [INFO] | 92501 | ACCC | c3containerUI | MessageHandler |  | c3containerUI | 2486244 | LoadTimeLogs: Inside OnACCCStartedUp...
09/19/16 13:43:17:020 | [WARN] | 64111 | ADCS | Core | ExternalGateway |  | Core | 2486491 | There is no entry found for the request Id - 5AC5790E-1A55-4C24-A940-6EE38003ED64
09/19/16 13:43:17:028 | [WARN] | 64111 | ADCS | Core | ExternalGateway |  | Core | 2486492 | There is no entry found for the request Id - 5A263740-2D58-4856-B19A-83561920CCC2
09/19/16 13:43:17:035 | [INFO] | 92501 | ACCC | c3containerUI | MessageHandler |  | c3containerUI | 2486244 | LoadTimeLogs : Sent Applets for Registration to Container BL. Enabled Pining...
09/19/16 13:43:17:037 | [INFO] | 92501 | ACCC | c3containerUI | MessageHandler |  | c3containerUI | 2486244 | LoadTimeLogs: End OnACCCStartedUp...
09/19/16 13:43:17:056 | [INFO] | 64111 | ADCS | c3containerBL | ContainerBLMessageHandler |  | c3containerBL | 2486452 | LoadTimeLogs: Inside BeginWorkflow
09/19/16 13:43:17:057 | [INFO] | 64111 | ADCS | c3containerBL | ContainerBLMessageHandler |  | c3containerBL | 2486452 | LoadTimeLogs: Inside BeginWorkflow Command Line is <?xml version="1.0" encoding="UTF-8" standalone="no"?>
<CommandLineArguments relaunch="false">
    <onOSstartup>true</onOSstartup>
    <showwindow>false</showwindow>
    <waitForRegistration>true</waitForRegistration>
    <instance>service</instance>
    <appID>ADCS</appID>
    <appVersion>3.5.1</appVersion>
</CommandLineArguments>
09/19/16 13:43:17:059 | [INFO] | 64111 | ADCS | Core | CoreCommandHandler |  | Core | 2486456 | HandleMessage: Message is not defined/implemented in core: ProcessCommandLine. Broadcasting to core extensions
09/19/16 13:43:17:062 | [INFO] | 64111 | ADCS | Core | Applet |  | Core | 2486452 | Loading Applet - SignInApp_BL for InstanceID - 58C2202B-A9BF-4B5D-8C9A-CE2B3AB5F90F
09/19/16 13:43:17:097 | [WARN] | 64111 | ADCS | c3containerBL | ContainerBLMessageHandler |  | c3containerBL | 2486456 | GetUserProfileXml: No access token present. User not signed in.
09/19/16 13:43:17:098 | [INFO] | 64111 | ADCS | AEMSignIn |  |  | AEMSignIn | 2486452 | Initialize called: <?xml version="1.0" encoding="UTF-8" standalone="no"?>
<CommandLineArguments ApplicationID="" IsServiceInstance="">
    <appletID>SignInApp_BL</appletID>
    <appletVersion>1.0</appletVersion>
    <appletInstanceID>58C2202B-A9BF-4B5D-8C9A-CE2B3AB5F90F</appletInstanceID>
    <appletDIR>/Library/Application Support/Adobe/Adobe Desktop Common/SignInApp</appletDIR>
</CommandLineArguments>
09/19/16 13:43:17:100 | [INFO] |  | ACCC | Analytics | ETSFramework |  |  | 2486456 | Event Guid generated is: 'db570650-0254-4f6b-99a1-73a3dc070716'
09/19/16 13:43:17:101 | [INFO] |  | ACCC | Analytics | ETSFramework |  |  | 2486471 | Event with guid 'db570650-0254-4f6b-99a1-73a3dc070716' is being sent
09/19/16 13:43:17:106 | [INFO] | 64111 | ADCS | Core | Applet |  | Core | 2486452 | Loading Applet - LWA_Native for InstanceID - 58C2202B-A9BF-4B5D-8C9A-CE2B3AB5F90F
09/19/16 13:43:17:137 | [INFO] | 64111 | ADCS | ElevationManager | ElevationManagerIPC |  | ElevationManager | 2486489 | Signalled on  m_EventHandleClientRequest
09/19/16 13:43:17:138 | [INFO] | 64111 | ADCS | ElevationManager | ElevationManagerIPC |  | ElevationManager | 2486489 | Inside listenConnectionPackets in Elevation Manager doing CBReadPacket on the Connection thread...
09/19/16 13:43:17:139 | [INFO] | 64111 | ADCS | ElevationManager | ElevationManagerIPC |  | ElevationManager | 2486489 | Inside Elevation Manager where INIT_COMM is the message received...
09/19/16 13:43:17:151 | [INFO] | 64111 | ADCS | C3PrefsCoreExt | C3PrefsMessageProcessor |  | C3PrefsCoreExt | 2486452 | Inside GetLocalConfigXmlPath
09/19/16 13:43:17:152 | [WARN] | 64111 | ADCS | OOBEUtils | XMLParser |  | OOBEUtils | 2486452 | ERROR invalid xml file path. Could not read data from path /Applications/Utilities/Adobe Creative Cloud//C3Config.sig
09/19/16 13:43:17:153 | [WARN] | 64111 | ADCS | OOBEUtils | XMLParser |  | OOBEUtils | 2486452 | Error Description Error Domain=NSCocoaErrorDomain Code=260 "The file “C3Config.sig” couldn’t be opened because there is no such file." UserInfo={NSFilePath=/Applications/Utilities/Adobe Creative Cloud//C3Config.sig, NSUnderlyingError=0x7867d800 {Error Domain=NSPOSIXErrorDomain Code=2 "No such file or directory"}}
09/19/16 13:43:17:155 | [WARN] | 64111 | ADCS | C3PrefsCoreExt |  |  | C3PrefsCoreExt | 2486452 | Could not initialize C3Config sig file as XML data
09/19/16 13:43:17:156 | [INFO] | 64111 | ADCS | LocalizationManager |  |  | LocalizationManager | 2486452 | Inside GetLocaleForApplet
09/19/16 13:43:17:171 | [INFO] | 64111 | ADCS | Core | Applet |  | Core | 2486452 | Loading Applet - HomePanel_BL for InstanceID - 58C2202B-A9BF-4B5D-8C9A-CE2B3AB5F90F
09/19/16 13:43:17:191 | [INFO] | 64111 | ADCS | HomePanelBL |  |  | HomePanelBL | 2486452 | Initialize called: <?xml version="1.0" encoding="UTF-8" standalone="no"?>
<CommandLineArguments ApplicationID="" IsServiceInstance="">
    <appletID>HomePanel_BL</appletID>
    <appletVersion>1.0</appletVersion>
    <appletInstanceID>58C2202B-A9BF-4B5D-8C9A-CE2B3AB5F90F</appletInstanceID>
    <appletDIR>/Applications/Utilities/Adobe Creative Cloud/HomePanel/HomePanelBL.bundle/Contents/MacOS</appletDIR>
</CommandLineArguments>
09/19/16 13:43:17:195 | [INFO] | 64111 | ADCS | C3PrefsCoreExt | C3PrefsMessageProcessor |  | C3PrefsCoreExt | 2486452 | Inside GetLocalConfigXmlPath
09/19/16 13:43:17:197 | [WARN] | 64111 | ADCS | OOBEUtils | XMLParser |  | OOBEUtils | 2486452 | ERROR invalid xml file path. Could not read data from path /Applications/Utilities/Adobe Creative Cloud//C3Config.sig
09/19/16 13:43:17:198 | [WARN] | 64111 | ADCS | OOBEUtils | XMLParser |  | OOBEUtils | 2486452 | Error Description Error Domain=NSCocoaErrorDomain Code=260 "The file “C3Config.sig” couldn’t be opened because there is no such file." UserInfo={NSFilePath=/Applications/Utilities/Adobe Creative Cloud//C3Config.sig, NSUnderlyingError=0x79877180 {Error Domain=NSPOSIXErrorDomain Code=2 "No such file or directory"}}
09/19/16 13:43:17:199 | [WARN] | 64111 | ADCS | C3PrefsCoreExt |  |  | C3PrefsCoreExt | 2486452 | Could not initialize C3Config sig file as XML data
09/19/16 13:43:17:204 | [INFO] | 64111 | ADCS | LocalizationManager | LocalizationManager |  | LocalizationManager | 2486452 | Dictionary Path: /Applications/Utilities/Adobe Creative Cloud/HomePanel/HomePanelBL.bundle/Contents/Resources/Dictionary/en_US/stringTable.zdct
09/19/16 13:43:17:207 | [INFO] | 64111 | ADCS | LocalizationManager | LocalizationManager |  | LocalizationManager | 2486452 | Dictionary reading successful.
09/19/16 13:43:17:241 | [INFO] | 64111 | ADCS | ElevationManager | ElevationManagerIPC |  | ElevationManager | 2486489 | Successfully created communication channel
09/19/16 13:43:17:242 | [INFO] | 64111 | ADCS | ElevationManager | ElevationManagerIPC |  | ElevationManager | 2486489 | Communication Thread created
09/19/16 13:43:17:244 | [INFO] | 64111 | ADCS | ElevationManager | ElevationManager |  | ElevationManager | 2486472 | Successfully created connection channel
09/19/16 13:43:17:245 | [INFO] | 64111 | ADCS | ElevationManager | ElevationManagerIPC |  | ElevationManager | 2486489 | Closing Connection Channel
09/19/16 13:43:17:256 | [INFO] | 64111 | ADCS | Core | Applet |  | Core | 2486452 | Loading Applet - AssetsPanel_BL for InstanceID - 58C2202B-A9BF-4B5D-8C9A-CE2B3AB5F90F
09/19/16 13:43:17:283 | [INFO] | 64111 | ADCS | AssetsUI |  |  | AssetsUI | 2486452 | Initialize called: <?xml version="1.0" encoding="UTF-8" standalone="no"?>
<CommandLineArguments ApplicationID="" IsServiceInstance="">
    <appletID>AssetsPanel_BL</appletID>
    <appletVersion>1.0</appletVersion>
    <appletInstanceID>58C2202B-A9BF-4B5D-8C9A-CE2B3AB5F90F</appletInstanceID>
    <appletDIR>/Applications/Utilities/Adobe Creative Cloud//AssetsPanel</appletDIR>
</CommandLineArguments>
09/19/16 13:43:17:285 | [INFO] | 64111 | ADCS | LocalizationManager | LocalizationManager |  | LocalizationManager | 2486452 | Dictionary Path: /Applications/Utilities/Adobe Creative Cloud//AssetsPanel/resource/Dictionary/en_US/stringTable.zdct
09/19/16 13:43:17:286 | [INFO] | 64111 | ADCS | LocalizationManager | LocalizationManager |  | LocalizationManager | 2486452 | Dictionary reading successful.
09/19/16 13:43:17:296 | [INFO] | 64111 | ADCS | Core | Applet |  | Core | 2486452 | Loading Applet - MarketPanel_BL for InstanceID - 58C2202B-A9BF-4B5D-8C9A-CE2B3AB5F90F
09/19/16 13:43:17:325 | [INFO] | 64111 | ADCS | MarketAppBL |  |  | MarketAppBL | 2486452 | Initialize called: <?xml version="1.0" encoding="UTF-8" standalone="no"?>
<CommandLineArguments ApplicationID="" IsServiceInstance="">
    <appletID>MarketPanel_BL</appletID>
    <appletVersion>1.0</appletVersion>
    <appletInstanceID>58C2202B-A9BF-4B5D-8C9A-CE2B3AB5F90F</appletInstanceID>
    <appletDIR>/Applications/Utilities/Adobe Creative Cloud//MarketPanel</appletDIR>
</CommandLineArguments>
09/19/16 13:43:17:328 | [INFO] | 64111 | ADCS | C3PrefsCoreExt | C3PrefsMessageProcessor |  | C3PrefsCoreExt | 2486452 | Inside GetLocalConfigXmlPath
09/19/16 13:43:17:330 | [WARN] | 64111 | ADCS | OOBEUtils | XMLParser |  | OOBEUtils | 2486452 | ERROR invalid xml file path. Could not read data from path /Applications/Utilities/Adobe Creative Cloud//C3Config.sig
09/19/16 13:43:17:331 | [WARN] | 64111 | ADCS | OOBEUtils | XMLParser |  | OOBEUtils | 2486452 | Error Description Error Domain=NSCocoaErrorDomain Code=260 "The file “C3Config.sig” couldn’t be opened because there is no such file." UserInfo={NSFilePath=/Applications/Utilities/Adobe Creative Cloud//C3Config.sig, NSUnderlyingError=0x7879dd70 {Error Domain=NSPOSIXErrorDomain Code=2 "No such file or directory"}}
09/19/16 13:43:17:332 | [WARN] | 64111 | ADCS | C3PrefsCoreExt |  |  | C3PrefsCoreExt | 2486452 | Could not initialize C3Config sig file as XML data
09/19/16 13:43:17:334 | [INFO] | 64111 | ADCS | Core | Applet |  | Core | 2486452 | Loading Applet - FilesPanel_BL for InstanceID - 58C2202B-A9BF-4B5D-8C9A-CE2B3AB5F90F
09/19/16 13:43:17:352 | [INFO] | 64111 | ADCS | FileAppsUI |  |  | FileAppsUI | 2486452 | Initialize called: <?xml version="1.0" encoding="UTF-8" standalone="no"?>
<CommandLineArguments ApplicationID="" IsServiceInstance="">
    <appletID>FilesPanel_BL</appletID>
    <appletVersion>1.0</appletVersion>
    <appletInstanceID>58C2202B-A9BF-4B5D-8C9A-CE2B3AB5F90F</appletInstanceID>
    <appletDIR>/Applications/Utilities/Adobe Creative Cloud/FilesPanel/FilesPanelBL.bundle/Contents/MacOS</appletDIR>
</CommandLineArguments>
09/19/16 13:43:17:358 | [INFO] | 64111 | ADCS | LocalizationManager | LocalizationManager |  | LocalizationManager | 2486452 | Dictionary Path: /Applications/Utilities/Adobe Creative Cloud/FilesPanel/FilesPanelBL.bundle/Contents/Resources/Dictionary/en_US/stringTable.zdct
09/19/16 13:43:17:361 | [INFO] | 64111 | ADCS | LocalizationManager | LocalizationManager |  | LocalizationManager | 2486452 | Dictionary reading successful.
09/19/16 13:43:17:420 | [INFO] | 64111 | ADCS | Core | Applet |  | Core | 2486452 | Loading Applet - FontsPanel_BL for InstanceID - 58C2202B-A9BF-4B5D-8C9A-CE2B3AB5F90F
09/19/16 13:43:17:445 | [INFO] | 64111 | ADCS | FontsAppBL |  |  | FontsAppBL | 2486452 | Initialize called: <?xml version="1.0" encoding="UTF-8" standalone="no"?>
<CommandLineArguments ApplicationID="" IsServiceInstance="">
    <appletID>FontsPanel_BL</appletID>
    <appletVersion>1.0</appletVersion>
    <appletInstanceID>58C2202B-A9BF-4B5D-8C9A-CE2B3AB5F90F</appletInstanceID>
    <appletDIR>/Applications/Utilities/Adobe Creative Cloud/FontsPanel/FontsPanelBL.bundle/Contents/MacOS</appletDIR>
</CommandLineArguments>
09/19/16 13:43:17:448 | [INFO] | 64111 | ADCS | C3PrefsCoreExt | C3PrefsMessageProcessor |  | C3PrefsCoreExt | 2486452 | Inside GetLocalConfigXmlPath
09/19/16 13:43:17:449 | [WARN] | 64111 | ADCS | OOBEUtils | XMLParser |  | OOBEUtils | 2486452 | ERROR invalid xml file path. Could not read data from path /Applications/Utilities/Adobe Creative Cloud//C3Config.sig
09/19/16 13:43:17:450 | [WARN] | 64111 | ADCS | OOBEUtils | XMLParser |  | OOBEUtils | 2486452 | Error Description Error Domain=NSCocoaErrorDomain Code=260 "The file “C3Config.sig” couldn’t be opened because there is no such file." UserInfo={NSFilePath=/Applications/Utilities/Adobe Creative Cloud//C3Config.sig, NSUnderlyingError=0x78790d90 {Error Domain=NSPOSIXErrorDomain Code=2 "No such file or directory"}}
09/19/16 13:43:17:452 | [WARN] | 64111 | ADCS | C3PrefsCoreExt |  |  | C3PrefsCoreExt | 2486452 | Could not initialize C3Config sig file as XML data
09/19/16 13:43:17:453 | [INFO] | 64111 | ADCS | LocalizationManager |  |  | LocalizationManager | 2486452 | Inside GetLocaleForApplet
09/19/16 13:43:17:455 | [INFO] | 64111 | ADCS | FontsAppBL | FONTS_PANEL |  | FontsAppBL | 2486452 | Locale Used for applet: en_US
09/19/16 13:43:17:458 | [INFO] | 64111 | ADCS | Core | Applet |  | Core | 2486452 | Loading Applet - SPanel_BL for InstanceID - 58C2202B-A9BF-4B5D-8C9A-CE2B3AB5F90F
09/19/16 13:43:17:482 | [INFO] | 64111 | ADCS | StockAppBL |  |  | StockAppBL | 2486452 | Initialize called: <?xml version="1.0" encoding="UTF-8" standalone="no"?>
<CommandLineArguments ApplicationID="" IsServiceInstance="">
    <appletID>SPanel_BL</appletID>
    <appletVersion>1.0</appletVersion>
    <appletInstanceID>58C2202B-A9BF-4B5D-8C9A-CE2B3AB5F90F</appletInstanceID>
    <appletDIR>/Applications/Utilities/Adobe Creative Cloud//SPanel</appletDIR>
</CommandLineArguments>
09/19/16 13:43:17:486 | [INFO] | 64111 | ADCS | LocalizationManager |  |  | LocalizationManager | 2486452 | Inside GetLocaleForApplet
09/19/16 13:43:17:489 | [INFO] | 64111 | ADCS | Core | Applet |  | Core | 2486452 | Loading Applet - BehancePanel_BL for InstanceID - 58C2202B-A9BF-4B5D-8C9A-CE2B3AB5F90F
09/19/16 13:43:17:602 | [INFO] | 64111 | ADCS | BehancePanelBL |  |  | BehancePanelBL | 2486452 | Initialize called: <?xml version="1.0" encoding="UTF-8" standalone="no"?>
<CommandLineArguments ApplicationID="" IsServiceInstance="">
    <appletID>BehancePanel_BL</appletID>
    <appletVersion>1.0</appletVersion>
    <appletInstanceID>58C2202B-A9BF-4B5D-8C9A-CE2B3AB5F90F</appletInstanceID>
    <appletDIR>/Applications/Utilities/Adobe Creative Cloud/BehancePanel/BehancePanelBL.bundle/Contents/MacOS</appletDIR>
</CommandLineArguments>
09/19/16 13:43:17:605 | [INFO] | 64111 | ADCS | C3PrefsCoreExt | C3PrefsMessageProcessor |  | C3PrefsCoreExt | 2486452 | Inside GetLocalConfigXmlPath
09/19/16 13:43:17:614 | [WARN] | 64111 | ADCS | OOBEUtils | XMLParser |  | OOBEUtils | 2486452 | ERROR invalid xml file path. Could not read data from path /Applications/Utilities/Adobe Creative Cloud//C3Config.sig
09/19/16 13:43:17:616 | [WARN] | 64111 | ADCS | OOBEUtils | XMLParser |  | OOBEUtils | 2486452 | Error Description Error Domain=NSCocoaErrorDomain Code=260 "The file “C3Config.sig” couldn’t be opened because there is no such file." UserInfo={NSFilePath=/Applications/Utilities/Adobe Creative Cloud//C3Config.sig, NSUnderlyingError=0x78762be0 {Error Domain=NSPOSIXErrorDomain Code=2 "No such file or directory"}}
09/19/16 13:43:17:617 | [WARN] | 64111 | ADCS | C3PrefsCoreExt |  |  | C3PrefsCoreExt | 2486452 | Could not initialize C3Config sig file as XML data
09/19/16 13:43:17:620 | [INFO] | 64111 | ADCS | HomePanelBL | HomePanel_BL |  | HomePanelBL | 2486452 | ProcessCommandLine received
09/19/16 13:43:17:621 | [INFO] | 64111 | ADCS | HomePanelBL | HomePanel_BL |  | HomePanelBL | 2486452 | ProcessCommandLine: No closeWindow message received
09/19/16 13:43:17:625 | [INFO] | 64111 | ADCS | c3containerBL | CoreSyncHandler |  | c3containerBL | 2486452 | launchCoreSync >> firstLaunch => 1
09/19/16 13:43:17:653 | [INFO] | 64111 | ADCS | c3containerBL | CoreSyncHandler |  | c3containerBL | 2486452 | postLaunchHook
09/19/16 13:43:17:654 | [INFO] | 64111 | ADCS | c3containerBL | ContainerBLMessageHandler |  | c3containerBL | 2486452 | OS Version is 10.11
09/19/16 13:43:17:656 | [INFO] | 64111 | ADCS | c3containerBL | CcxHandler |  | c3containerBL | 2486452 | launchCcxWelcomeProcess >> firstLaunch => 1
09/19/16 13:43:17:674 | [INFO] | 64111 | ADCS | c3containerBL | IMSLibHelper |  | c3containerBL | 2486452 | Opening OOBELib session for DeviceID...
09/19/16 13:43:17:791 | [INFO] | 64111 | ADCS | c3containerBL | IMSLibHelper |  | c3containerBL | 2486452 | Opened PWASession with session key - 00114657-0907-4EFC-B166-A31518DA8163
09/19/16 13:43:17:792 | [INFO] | 64111 | ADCS | c3containerBL | IMSLibHelper |  | c3containerBL | 2486452 | Performing getDeviceID...
09/19/16 13:43:17:809 | [INFO] | 64111 | ADCS | c3containerBL | IMSLibHelper |  | c3containerBL | 2486452 | deviceID => F1B1F01EFC450C9F82811C7804BE4D3E19BFECB5289B2FF9892E228F956DAF1C
09/19/16 13:43:17:811 | [INFO] | 64111 | ADCS | c3containerBL | IMSLibHelper |  | c3containerBL | 2486452 | deviceName => e1r8p15.42.fr
09/19/16 13:43:17:822 | [INFO] | 64111 | ADCS | c3containerBL | IMSLibHelper |  | c3containerBL | 2486452 | MachineHashedID => 4D128007F075734F6248C53E9A6DEEF6
09/19/16 13:43:17:823 | [INFO] | 64111 | ADCS | c3containerBL | IMSLibHelper |  | c3containerBL | 2486452 | Closing OOBELib session : 00114657-0907-4EFC-B166-A31518DA8163 commit : 1
09/19/16 13:43:17:846 | [INFO] | 64111 | ADCS | VulcanWrapper | VulcanInterface |  | VulcanWrapper | 2486468 | Received RefreshEndPoints callback:
09/19/16 13:43:17:848 | [INFO] | 92501 | ACCC | VulcanWrapper | VulcanInterface |  | VulcanWrapper | 2486271 | Received RefreshEndPoints callback:
09/19/16 13:43:17:979 | [INFO] | 64111 | ADCS | c3containerBL | IMSLibHelper |  | c3containerBL | 2486452 | Done closing PWASession : 00114657-0907-4EFC-B166-A31518DA8163
09/19/16 13:43:17:991 | [WARN] | 64111 | ADCS | c3containerBL | MessageHandler |  | c3containerBL | 2486452 | Failed in getting value for key in OPMGetValueForKey
09/19/16 13:43:17:993 | [INFO] | 64111 | ADCS | c3containerBL | SignInStateMachine |  | c3containerBL | 2486452 | changeState ~> 0 - 0 - 5
09/19/16 13:43:17:994 | [INFO] | 64111 | ADCS | c3containerBL | SignInStateMachine |  | c3containerBL | 2486452 | changeState ~> 0 - 1 - 5
09/19/16 13:43:17:996 | [INFO] | 64111 | ADCS | c3containerBL | IMSLibHelper |  | c3containerBL | 2486452 | Opening IMSSession...
09/19/16 13:43:18:058 | [INFO] | 64111 | ADCS | c3containerBL | CoreSyncHandler |  | c3containerBL | 2486456 | handleCoreSyncStartedUp
09/19/16 13:43:18:060 | [INFO] | 64111 | ADCS | Core | CoreCommandHandler |  | Core | 2486458 | HandleMessage: Message is not defined/implemented in core: coreSyncLaunched. Broadcasting to core extensions
09/19/16 13:43:18:065 | [WARN] | 64111 | ADCS | Core | ExternalGateway |  | Core | 2486552 | Message 'coreSyncLaunched': Target applet 'AssetsPanel_UI' is not loaded for instance '58C2202B-A9BF-4B5D-8C9A-CE2B3AB5F90F'
09/19/16 13:43:18:067 | [INFO] | 64111 | ADCS | FileAppsUI | FilesAppUIContainerMessageProcessor |  | FileAppsUI | 2486605 | coresync launched is received by files panel
09/19/16 13:43:18:068 | [INFO] | 64111 | ADCS | FontsAppBL | FONTS_PANEL |  | FontsAppBL | 2486458 | Inside coreSyncLaunched
09/19/16 13:43:18:069 | [INFO] | 64111 | ADCS | c3containerBL | IMSLibHelper |  | c3containerBL | 2486452 | Done opening IMSSession, session key - 03566702-4478-4550-B216-EB6D94F10794
09/19/16 13:43:18:071 | [INFO] | 64111 | ADCS | FontsAppBL | FONTS_PANEL |  | FontsAppBL | 2486458 | Inside handleOfflineMode
09/19/16 13:43:18:073 | [INFO] | 64111 | ADCS | c3containerBL | IMSLibHelper |  | c3containerBL | 2486452 | Invoking Register Client ID for Group
09/19/16 13:43:18:075 | [INFO] | 64111 | ADCS | FontsAppBL | FONTS_PANEL |  | FontsAppBL | 2486458 | GetPrefsData: Setting sync on as no user pref found
09/19/16 13:43:18:078 | [INFO] | 64111 | ADCS | FontsAppBL | FONTS_PANEL |  | FontsAppBL | 2486458 | handleOfflineMode - Sync On was found to be true..setting syncOn state
09/19/16 13:43:18:079 | [INFO] | 64111 | ADCS | FontsAppBL | FONTS_PANEL |  | FontsAppBL | 2486458 | Send Update Preferences to LiveType: ON
09/19/16 13:43:18:081 | [INFO] | 64111 | ADCS | FontsAppBL | FONTS_PANEL |  | FontsAppBL | 2486458 | Handling updateFontsStateBasedOnPref
09/19/16 13:43:18:082 | [INFO] | 64111 | ADCS | FontsAppBL | FONTS_PANEL |  | FontsAppBL | 2486458 | Returning from updateFontsStateBasedOnPref
09/19/16 13:43:18:086 | [INFO] | 64111 | ADCS | FontsAppBL | FONTS_PANEL |  | FontsAppBL | 2486456 | Handling UpdatePreferencesResponse from Livetype
09/19/16 13:43:18:087 | [INFO] | 64111 | ADCS | FontsAppBL | FONTS_PANEL |  | FontsAppBL | 2486456 | Ignoring UpdatePreferencesResponse from Livetype for OfflineMode
09/19/16 13:43:18:089 | [INFO] | 64111 | ADCS | c3containerBL | IMSLibHelper |  | c3containerBL | 2486452 | Fetching default user profile for requested ClientID...
09/19/16 13:43:18:104 | [INFO] | 64111 | ADCS | c3containerBL | UserProfileData |  | c3containerBL | 2486452 | Set Profile Data...
09/19/16 13:43:18:106 | [INFO] | 64111 | ADCS | c3containerBL | IMSLibHelper |  | c3containerBL | 2486452 | Retrieved default user profile successfully
09/19/16 13:43:18:107 | [ERROR] | 64111 | ADCS | c3containerBL | IMSLibHelper |  | c3containerBL | 2486452 | Empty Person GUID found!
09/19/16 13:43:18:109 | [INFO] | 64111 | ADCS | c3containerBL | SignInStateMachine |  | c3containerBL | 2486452 | changeState ~> 1 - 1 - 5
09/19/16 13:43:18:110 | [INFO] | 64111 | ADCS | c3containerBL | SignInStateMachine |  | c3containerBL | 2486452 | IMS Loading starting timer
09/19/16 13:43:18:115 | [WARN] | 92501 | ACCC | Core | ExternalGateway |  | Core | 2486608 | There is no entry found for the request Id - 67733E7A-8397-4238-9EFF-2BE87DA9391F
09/19/16 13:43:18:117 | [INFO] | 92501 | ACCC | c3containerUI | UIManager |  | c3containerUI | 2486140 | CreateSignInView
09/19/16 13:43:18:119 | [ERROR] | 92501 | ACCC | HEX | HEX |  | HEX | 2486140 | Inside deleteCookies: stringValueForXQuery failed for //guid. inXMLData = <?xml version="1.0" encoding="UTF-8" standalone="no"?>
<xmldata>
    <guid></guid>
</xmldata>
09/19/16 13:43:18:122 | [INFO] | 92501 | ACCC | HEX | HEX |  | HEX | 2486140 | attachParentWindowEx successful with Viewptr as 0x7864f850
09/19/16 13:43:18:123 | [INFO] | 92501 | ACCC | HEX | HEX |  | HEX | 2486140 | Load URL Successful https://ims-prod07.adobelogin.com/ims/authorize/v1?client_id=CreativeCloud_v3_5&state={"ac":"CCDesktop_app","av":"3.5.1.209"}&locale=en_US&response_type=device&device_id=F1B1F01EFC450C9F82811C7804BE4D3E19BFECB5289B2FF9892E228F956DAF1C&device_name=e1r8p15.42.fr&scope=openid,AdobeID,creative_cloud,creative_sdk,read_organizations,sao.cce_private,additional_info.account_type&redirect_uri=https://oobe.adobe.com/&force_marketing_permission=true
09/19/16 13:43:18:127 | [INFO] | 92501 | ACCC | c3containerUI | UIManager |  | c3containerUI | 2486140 | SignIn View Created
09/19/16 13:43:18:133 | [INFO] | 64111 | ADCS | c3containerBL | ContainerBLMessageHandler |  | c3containerBL | 2486452 | LoadTimeLogs: End BeginWorklow...
09/19/16 13:43:18:153 | [INFO] | 64111 | ADCS | c3containerBL | CoreSyncHandler |  | c3containerBL | 2486458 | handleSignInForCoreSyncOnPingResponse >> coreSyncStartedUp => 1
09/19/16 13:43:18:348 | [INFO] | 64111 | ADCS | VulcanWrapper | VulcanInterface |  | VulcanWrapper | 2486468 | Received RefreshEndPoints callback:
09/19/16 13:43:18:349 | [INFO] | 92501 | ACCC | VulcanWrapper | VulcanInterface |  | VulcanWrapper | 2486271 | Received RefreshEndPoints callback:
09/19/16 13:43:18:503 | [INFO] | 92501 | ACCC | c3containerUI | MessageHandler |  | c3containerUI | 2486140 | onDOCReady Received
09/19/16 13:43:18:510 | [INFO] | 92501 | ACCC | c3containerUI | MessageHandler |  | c3containerUI | 2486258 | Inside ActiveContainer
09/19/16 13:43:18:860 | [INFO] | 64111 | ADCS | VulcanWrapper | VulcanInterface |  | VulcanWrapper | 2486468 | Received RefreshEndPoints callback:
09/19/16 13:43:18:861 | [INFO] | 92501 | ACCC | VulcanWrapper | VulcanInterface |  | VulcanWrapper | 2486271 | Received RefreshEndPoints callback:
09/19/16 13:43:19:292 | [INFO] | 92501 | ACCC | c3containerUI | MessageHandler |  | c3containerUI | 2486140 | onDOMReady Received
09/19/16 13:43:19:308 | [INFO] | 92501 | ACCC | c3containerUI | MessageHandler |  | c3containerUI | 2486244 | Inside ActiveContainer
09/19/16 13:43:20:836 | [INFO] | 64111 | ADCS | c3containerBL | SignInStateMachine |  | c3containerBL | 2486462 | changeState ~> 2 - 1 - 5
09/19/16 13:43:20:841 | [WARN] | 92501 | ACCC | Core | ExternalGateway |  | Core | 2487183 | There is no entry found for the request Id - 986A3419-0D5C-43FA-ADD2-D955DE2F936C
09/19/16 13:43:20:954 | [INFO] | 92501 | ACCC | c3containerUI | MessageHandler |  | c3containerUI | 2486270 | Inside ActiveContainer
09/19/16 13:43:20:961 | [WARN] | 92501 | ACCC | Core | ExternalGateway |  | Core | 2487188 | There is no entry found for the request Id - BF6BE9DD-7FB3-4B1F-B30E-71A9851587B5
09/19/16 13:43:20:970 | [INFO] | 92501 | ACCC | c3containerUI | MessageHandler |  | c3containerUI | 2486270 | Inside ActiveContainer
09/19/16 13:43:20:971 | [INFO] | 64111 | ADCS | c3containerBL | SignInStateMachine |  | c3containerBL | 2486462 | changeState ~> 3 - 1 - 5
09/19/16 13:43:20:975 | [WARN] | 64111 | ADCS | c3containerBL | ContainerBLMessageHandler |  | c3containerBL | 2486461 | GetUserProfileXml: No access token present. User not signed in.
09/19/16 13:43:20:976 | [INFO] |  | ACCC | Analytics | ETSFramework |  |  | 2486461 | Event Guid generated is: '89911ccb-408d-43f7-af6b-6cd72cc16528'
09/19/16 13:43:20:978 | [INFO] |  | ACCC | Analytics | ETSFramework |  |  | 2486471 | Event with guid '89911ccb-408d-43f7-af6b-6cd72cc16528' is being sent
09/19/16 13:43:20:979 | [INFO] | 92501 | ACCC | LocalizationManager | LocalizationManager |  | LocalizationManager | 2486140 | Dictionary Path: /Applications/Utilities/Adobe Creative Cloud/ACC/resource/Dictionary/en_US/stringTable.zdct
09/19/16 13:43:20:985 | [INFO] | 92501 | ACCC | LocalizationManager | LocalizationManager |  | LocalizationManager | 2486140 | Dictionary reading successful.
09/19/16 13:43:21:068 | [INFO] | 92501 | ACCC | c3containerUI | MessageHandler |  | c3containerUI | 2486270 | Inside ActiveContainer
09/19/16 13:43:33:141 | [INFO] | 64111 | ADCS | VulcanWrapper | VulcanInterface |  | VulcanWrapper | 2486468 | Received RefreshEndPoints callback:
09/19/16 13:43:33:151 | [WARN] | 64111 | ADCS | VulcanWrapper | VulcanInterface |  | VulcanWrapper | 2487424 | Could not get CCXP endpoint, ignoring message !
09/19/16 13:43:48:144 | [INFO] | 64111 | ADCS | VulcanWrapper | VulcanInterface |  | VulcanWrapper | 2486468 | Received RefreshEndPoints callback:
09/19/16 13:43:48:156 | [WARN] | 64111 | ADCS | VulcanWrapper | VulcanInterface |  | VulcanWrapper | 2487424 | Could not get CCXP endpoint, ignoring message !
09/19/16 13:44:03:147 | [INFO] | 64111 | ADCS | VulcanWrapper | VulcanInterface |  | VulcanWrapper | 2486468 | Received RefreshEndPoints callback:
09/19/16 13:44:03:158 | [WARN] | 64111 | ADCS | VulcanWrapper | VulcanInterface |  | VulcanWrapper | 2488781 | Could not get CCXP endpoint, ignoring message !
09/19/16 13:44:18:151 | [INFO] | 64111 | ADCS | VulcanWrapper | VulcanInterface |  | VulcanWrapper | 2486468 | Received RefreshEndPoints callback:
09/19/16 13:44:18:163 | [WARN] | 64111 | ADCS | VulcanWrapper | VulcanInterface |  | VulcanWrapper | 2488781 | Could not get CCXP endpoint, ignoring message !
09/19/16 13:44:33:150 | [INFO] | 64111 | ADCS | c3containerBL | CcxHandler |  | c3containerBL | 2486610 | CcxHandler OnProcessPingMissThresholdReached
09/19/16 13:44:33:157 | [INFO] | 64111 | ADCS | c3containerBL | ProcessManager |  | c3containerBL | 2486610 | PingMissCount crosses pingMissThreshold. Launching CCXProcess
09/19/16 13:44:33:159 | [INFO] | 64111 | ADCS | c3containerBL | ProcessManager |  | c3containerBL | 2486610 | launchProcess CCXProcess
09/19/16 13:44:33:160 | [INFO] | 64111 | ADCS | c3containerBL | CcxHandler |  | c3containerBL | 2486610 | CcxHandler terminateApplication
09/19/16 13:44:33:164 | [INFO] | 64111 | ADCS | VulcanWrapper | VulcanInterface |  | VulcanWrapper | 2486468 | Received RefreshEndPoints callback:
09/19/16 13:44:33:173 | [INFO] | 64111 | ADCS | c3containerBL | CcxHandler |  | c3containerBL | 2486610 | CcxHandler OnProcessLaunched
09/19/16 13:44:33:174 | [WARN] | 64111 | ADCS | VulcanWrapper | VulcanInterface |  | VulcanWrapper | 2490783 | Could not get CCXP endpoint, ignoring message !
09/19/16 13:44:33:401 | [INFO] | 92501 | ACCC | VulcanWrapper | VulcanInterface |  | VulcanWrapper | 2486271 | Received RefreshEndPoints callback:
09/19/16 13:44:33:402 | [INFO] | 64111 | ADCS | VulcanWrapper | VulcanInterface |  | VulcanWrapper | 2486468 | Received RefreshEndPoints callback:
09/19/16 13:44:33:710 | [INFO] | 92501 | ACCC | VulcanWrapper | VulcanInterface |  | VulcanWrapper | 2486271 | Received RefreshEndPoints callback:
09/19/16 13:44:33:712 | [INFO] | 64111 | ADCS | VulcanWrapper | VulcanInterface |  | VulcanWrapper | 2486468 | Received RefreshEndPoints callback:
09/19/16 13:44:48:180 | [INFO] | 64111 | ADCS | VulcanWrapper | VulcanInterface |  | VulcanWrapper | 2486468 | Received RefreshEndPoints callback:
09/19/16 13:44:48:191 | [WARN] | 64111 | ADCS | VulcanWrapper | VulcanInterface |  | VulcanWrapper | 2490790 | Could not get CCXP endpoint, ignoring message !
09/19/16 13:45:03:184 | [INFO] | 64111 | ADCS | VulcanWrapper | VulcanInterface |  | VulcanWrapper | 2486468 | Received RefreshEndPoints callback:
09/19/16 13:45:03:196 | [WARN] | 64111 | ADCS | VulcanWrapper | VulcanInterface |  | VulcanWrapper | 2490784 | Could not get CCXP endpoint, ignoring message !
09/19/16 13:45:18:189 | [INFO] | 64111 | ADCS | VulcanWrapper | VulcanInterface |  | VulcanWrapper | 2486468 | Received RefreshEndPoints callback:
09/19/16 13:45:18:201 | [WARN] | 64111 | ADCS | VulcanWrapper | VulcanInterface |  | VulcanWrapper | 2490784 | Could not get CCXP endpoint, ignoring message !
09/19/16 13:45:33:195 | [INFO] | 64111 | ADCS | VulcanWrapper | VulcanInterface |  | VulcanWrapper | 2486468 | Received RefreshEndPoints callback:
09/19/16 13:45:33:207 | [WARN] | 64111 | ADCS | VulcanWrapper | VulcanInterface |  | VulcanWrapper | 2490784 | Could not get CCXP endpoint, ignoring message !
09/19/16 13:45:48:199 | [INFO] | 64111 | ADCS | VulcanWrapper | VulcanInterface |  | VulcanWrapper | 2486468 | Received RefreshEndPoints callback:
09/19/16 13:45:48:210 | [WARN] | 64111 | ADCS | VulcanWrapper | VulcanInterface |  | VulcanWrapper | 2490784 | Could not get CCXP endpoint, ignoring message !
09/19/16 13:46:03:202 | [INFO] | 64111 | ADCS | VulcanWrapper | VulcanInterface |  | VulcanWrapper | 2486468 | Received RefreshEndPoints callback:
09/19/16 13:46:03:213 | [WARN] | 64111 | ADCS | VulcanWrapper | VulcanInterface |  | VulcanWrapper | 2490784 | Could not get CCXP endpoint, ignoring message !
09/19/16 13:46:18:207 | [INFO] | 64111 | ADCS | VulcanWrapper | VulcanInterface |  | VulcanWrapper | 2486468 | Received RefreshEndPoints callback:
09/19/16 13:46:18:218 | [WARN] | 64111 | ADCS | VulcanWrapper | VulcanInterface |  | VulcanWrapper | 2490790 | Could not get CCXP endpoint, ignoring message !
09/19/16 13:46:33:210 | [INFO] | 64111 | ADCS | VulcanWrapper | VulcanInterface |  | VulcanWrapper | 2486468 | Received RefreshEndPoints callback:
09/19/16 13:46:33:221 | [WARN] | 64111 | ADCS | VulcanWrapper | VulcanInterface |  | VulcanWrapper | 2494539 | Could not get CCXP endpoint, ignoring message !
09/19/16 13:46:48:209 | [INFO] | 64111 | ADCS | c3containerBL | CcxHandler |  | c3containerBL | 2486610 | CcxHandler OnProcessPingMissThresholdReached
09/19/16 13:46:48:217 | [INFO] | 64111 | ADCS | c3containerBL | ProcessManager |  | c3containerBL | 2486610 | PingMissCount crosses pingMissThreshold. Launching CCXProcess
09/19/16 13:46:48:218 | [INFO] | 64111 | ADCS | c3containerBL | ProcessManager |  | c3containerBL | 2486610 | launchProcess CCXProcess
09/19/16 13:46:48:220 | [INFO] | 64111 | ADCS | c3containerBL | CcxHandler |  | c3containerBL | 2486610 | CcxHandler terminateApplication
09/19/16 13:46:48:223 | [INFO] | 64111 | ADCS | VulcanWrapper | VulcanInterface |  | VulcanWrapper | 2486468 | Received RefreshEndPoints callback:
09/19/16 13:46:48:233 | [INFO] | 64111 | ADCS | c3containerBL | CcxHandler |  | c3containerBL | 2486610 | CcxHandler OnProcessLaunched
09/19/16 13:46:48:235 | [WARN] | 64111 | ADCS | VulcanWrapper | VulcanInterface |  | VulcanWrapper | 2494538 | Could not get CCXP endpoint, ignoring message !
09/19/16 13:46:48:453 | [INFO] | 92501 | ACCC | VulcanWrapper | VulcanInterface |  | VulcanWrapper | 2486271 | Received RefreshEndPoints callback:
09/19/16 13:46:48:454 | [INFO] | 64111 | ADCS | VulcanWrapper | VulcanInterface |  | VulcanWrapper | 2486468 | Received RefreshEndPoints callback:
09/19/16 13:46:48:805 | [INFO] | 92501 | ACCC | VulcanWrapper | VulcanInterface |  | VulcanWrapper | 2486271 | Received RefreshEndPoints callback:
09/19/16 13:46:48:806 | [INFO] | 64111 | ADCS | VulcanWrapper | VulcanInterface |  | VulcanWrapper | 2486468 | Received RefreshEndPoints callback:
09/19/16 13:47:03:239 | [INFO] | 64111 | ADCS | VulcanWrapper | VulcanInterface |  | VulcanWrapper | 2486468 | Received RefreshEndPoints callback:
09/19/16 13:47:03:250 | [WARN] | 64111 | ADCS | VulcanWrapper | VulcanInterface |  | VulcanWrapper | 2495444 | Could not get CCXP endpoint, ignoring message !
09/19/16 13:47:18:241 | [INFO] | 64111 | ADCS | VulcanWrapper | VulcanInterface |  | VulcanWrapper | 2486468 | Received RefreshEndPoints callback:
09/19/16 13:47:18:252 | [WARN] | 64111 | ADCS | VulcanWrapper | VulcanInterface |  | VulcanWrapper | 2495444 | Could not get CCXP endpoint, ignoring message !
09/19/16 13:47:33:245 | [INFO] | 64111 | ADCS | VulcanWrapper | VulcanInterface |  | VulcanWrapper | 2486468 | Received RefreshEndPoints callback:
09/19/16 13:47:33:255 | [WARN] | 64111 | ADCS | VulcanWrapper | VulcanInterface |  | VulcanWrapper | 2495444 | Could not get CCXP endpoint, ignoring message !
09/19/16 13:47:48:247 | [INFO] | 64111 | ADCS | VulcanWrapper | VulcanInterface |  | VulcanWrapper | 2486468 | Received RefreshEndPoints callback:
09/19/16 13:47:48:258 | [WARN] | 64111 | ADCS | VulcanWrapper | VulcanInterface |  | VulcanWrapper | 2495444 | Could not get CCXP endpoint, ignoring message !
09/19/16 13:48:03:252 | [INFO] | 64111 | ADCS | VulcanWrapper | VulcanInterface |  | VulcanWrapper | 2486468 | Received RefreshEndPoints callback:
09/19/16 13:48:03:264 | [WARN] | 64111 | ADCS | VulcanWrapper | VulcanInterface |  | VulcanWrapper | 2495444 | Could not get CCXP endpoint, ignoring message !
09/19/16 13:48:18:256 | [INFO] | 64111 | ADCS | VulcanWrapper | VulcanInterface |  | VulcanWrapper | 2486468 | Received RefreshEndPoints callback:
09/19/16 13:48:18:266 | [WARN] | 64111 | ADCS | VulcanWrapper | VulcanInterface |  | VulcanWrapper | 2495444 | Could not get CCXP endpoint, ignoring message !
09/19/16 13:48:33:261 | [INFO] | 64111 | ADCS | VulcanWrapper | VulcanInterface |  | VulcanWrapper | 2486468 | Received RefreshEndPoints callback:
09/19/16 13:48:33:273 | [WARN] | 64111 | ADCS | VulcanWrapper | VulcanInterface |  | VulcanWrapper | 2494539 | Could not get CCXP endpoint, ignoring message !
09/19/16 13:48:48:264 | [INFO] | 64111 | ADCS | VulcanWrapper | VulcanInterface |  | VulcanWrapper | 2486468 | Received RefreshEndPoints callback:
09/19/16 13:48:48:275 | [WARN] | 64111 | ADCS | VulcanWrapper | VulcanInterface |  | VulcanWrapper | 2494539 | Could not get CCXP endpoint, ignoring message !
09/19/16 13:49:03:270 | [INFO] | 64111 | ADCS | VulcanWrapper | VulcanInterface |  | VulcanWrapper | 2486468 | Received RefreshEndPoints callback:
09/19/16 13:49:03:280 | [WARN] | 64111 | ADCS | VulcanWrapper | VulcanInterface |  | VulcanWrapper | 2494539 | Could not get CCXP endpoint, ignoring message !
09/19/16 13:49:18:274 | [INFO] | 64111 | ADCS | VulcanWrapper | VulcanInterface |  | VulcanWrapper | 2486468 | Received RefreshEndPoints callback:
09/19/16 13:49:18:285 | [WARN] | 64111 | ADCS | VulcanWrapper | VulcanInterface |  | VulcanWrapper | 2494539 | Could not get CCXP endpoint, ignoring message !
09/19/16 13:49:33:277 | [INFO] | 64111 | ADCS | VulcanWrapper | VulcanInterface |  | VulcanWrapper | 2486468 | Received RefreshEndPoints callback:
09/19/16 13:49:33:288 | [WARN] | 64111 | ADCS | VulcanWrapper | VulcanInterface |  | VulcanWrapper | 2494539 | Could not get CCXP endpoint, ignoring message !
09/19/16 13:49:48:281 | [INFO] | 64111 | ADCS | VulcanWrapper | VulcanInterface |  | VulcanWrapper | 2486468 | Received RefreshEndPoints callback:
09/19/16 13:49:48:292 | [WARN] | 64111 | ADCS | VulcanWrapper | VulcanInterface |  | VulcanWrapper | 2494539 | Could not get CCXP endpoint, ignoring message !
09/19/16 13:50:03:286 | [INFO] | 64111 | ADCS | VulcanWrapper | VulcanInterface |  | VulcanWrapper | 2486468 | Received RefreshEndPoints callback:
09/19/16 13:50:03:296 | [WARN] | 64111 | ADCS | VulcanWrapper | VulcanInterface |  | VulcanWrapper | 2494539 | Could not get CCXP endpoint, ignoring message !
09/19/16 13:50:18:291 | [INFO] | 64111 | ADCS | VulcanWrapper | VulcanInterface |  | VulcanWrapper | 2486468 | Received RefreshEndPoints callback:
09/19/16 13:50:18:303 | [WARN] | 64111 | ADCS | VulcanWrapper | VulcanInterface |  | VulcanWrapper | 2495444 | Could not get CCXP endpoint, ignoring message !
09/19/16 13:50:33:296 | [INFO] | 64111 | ADCS | VulcanWrapper | VulcanInterface |  | VulcanWrapper | 2486468 | Received RefreshEndPoints callback:
09/19/16 13:50:33:308 | [WARN] | 64111 | ADCS | VulcanWrapper | VulcanInterface |  | VulcanWrapper | 2495444 | Could not get CCXP endpoint, ignoring message !
09/19/16 13:50:48:299 | [INFO] | 64111 | ADCS | VulcanWrapper | VulcanInterface |  | VulcanWrapper | 2486468 | Received RefreshEndPoints callback:
09/19/16 13:50:48:312 | [WARN] | 64111 | ADCS | VulcanWrapper | VulcanInterface |  | VulcanWrapper | 2494539 | Could not get CCXP endpoint, ignoring message !
09/19/16 13:51:03:301 | [INFO] | 64111 | ADCS | c3containerBL | CcxHandler |  | c3containerBL | 2486610 | CcxHandler OnProcessPingMissThresholdReached
09/19/16 13:51:03:309 | [INFO] | 64111 | ADCS | c3containerBL | ProcessManager |  | c3containerBL | 2486610 | PingMissCount crosses pingMissThreshold. Launching CCXProcess
09/19/16 13:51:03:311 | [INFO] | 64111 | ADCS | c3containerBL | ProcessManager |  | c3containerBL | 2486610 | launchProcess CCXProcess
09/19/16 13:51:03:313 | [INFO] | 64111 | ADCS | c3containerBL | CcxHandler |  | c3containerBL | 2486610 | CcxHandler terminateApplication
09/19/16 13:51:03:316 | [INFO] | 64111 | ADCS | VulcanWrapper | VulcanInterface |  | VulcanWrapper | 2486468 | Received RefreshEndPoints callback:
09/19/16 13:51:03:326 | [INFO] | 64111 | ADCS | c3containerBL | CcxHandler |  | c3containerBL | 2486610 | CcxHandler OnProcessLaunched
09/19/16 13:51:03:328 | [WARN] | 64111 | ADCS | VulcanWrapper | VulcanInterface |  | VulcanWrapper | 2495444 | Could not get CCXP endpoint, ignoring message !
09/19/16 13:51:03:551 | [INFO] | 92501 | ACCC | VulcanWrapper | VulcanInterface |  | VulcanWrapper | 2486271 | Received RefreshEndPoints callback:
09/19/16 13:51:03:553 | [INFO] | 64111 | ADCS | VulcanWrapper | VulcanInterface |  | VulcanWrapper | 2486468 | Received RefreshEndPoints callback:
09/19/16 13:51:03:902 | [INFO] | 92501 | ACCC | VulcanWrapper | VulcanInterface |  | VulcanWrapper | 2486271 | Received RefreshEndPoints callback:
09/19/16 13:51:03:904 | [INFO] | 64111 | ADCS | VulcanWrapper | VulcanInterface |  | VulcanWrapper | 2486468 | Received RefreshEndPoints callback:
09/19/16 13:51:18:335 | [INFO] | 64111 | ADCS | VulcanWrapper | VulcanInterface |  | VulcanWrapper | 2486468 | Received RefreshEndPoints callback:
09/19/16 13:51:18:346 | [WARN] | 64111 | ADCS | VulcanWrapper | VulcanInterface |  | VulcanWrapper | 2503092 | Could not get CCXP endpoint, ignoring message !
09/19/16 13:51:33:340 | [INFO] | 64111 | ADCS | VulcanWrapper | VulcanInterface |  | VulcanWrapper | 2486468 | Received RefreshEndPoints callback:
09/19/16 13:51:33:351 | [WARN] | 64111 | ADCS | VulcanWrapper | VulcanInterface |  | VulcanWrapper | 2494539 | Could not get CCXP endpoint, ignoring message !
09/19/16 13:51:48:344 | [INFO] | 64111 | ADCS | VulcanWrapper | VulcanInterface |  | VulcanWrapper | 2486468 | Received RefreshEndPoints callback:
09/19/16 13:51:48:356 | [WARN] | 64111 | ADCS | VulcanWrapper | VulcanInterface |  | VulcanWrapper | 2504880 | Could not get CCXP endpoint, ignoring message !
09/19/16 13:52:03:347 | [INFO] | 64111 | ADCS | VulcanWrapper | VulcanInterface |  | VulcanWrapper | 2486468 | Received RefreshEndPoints callback:
09/19/16 13:52:03:357 | [WARN] | 64111 | ADCS | VulcanWrapper | VulcanInterface |  | VulcanWrapper | 2504879 | Could not get CCXP endpoint, ignoring message !
09/19/16 13:52:18:349 | [INFO] | 64111 | ADCS | VulcanWrapper | VulcanInterface |  | VulcanWrapper | 2486468 | Received RefreshEndPoints callback:
09/19/16 13:52:18:360 | [WARN] | 64111 | ADCS | VulcanWrapper | VulcanInterface |  | VulcanWrapper | 2506401 | Could not get CCXP endpoint, ignoring message !
09/19/16 13:52:33:355 | [INFO] | 64111 | ADCS | VulcanWrapper | VulcanInterface |  | VulcanWrapper | 2486468 | Received RefreshEndPoints callback:
09/19/16 13:52:33:365 | [WARN] | 64111 | ADCS | VulcanWrapper | VulcanInterface |  | VulcanWrapper | 2506400 | Could not get CCXP endpoint, ignoring message !
09/19/16 13:52:48:359 | [INFO] | 64111 | ADCS | VulcanWrapper | VulcanInterface |  | VulcanWrapper | 2486468 | Received RefreshEndPoints callback:
09/19/16 13:52:48:372 | [WARN] | 64111 | ADCS | VulcanWrapper | VulcanInterface |  | VulcanWrapper | 2506400 | Could not get CCXP endpoint, ignoring message !
09/19/16 13:53:03:364 | [INFO] | 64111 | ADCS | VulcanWrapper | VulcanInterface |  | VulcanWrapper | 2486468 | Received RefreshEndPoints callback:
09/19/16 13:53:03:374 | [WARN] | 64111 | ADCS | VulcanWrapper | VulcanInterface |  | VulcanWrapper | 2506400 | Could not get CCXP endpoint, ignoring message !
09/19/16 13:53:18:370 | [INFO] | 64111 | ADCS | VulcanWrapper | VulcanInterface |  | VulcanWrapper | 2486468 | Received RefreshEndPoints callback:
09/19/16 13:53:18:382 | [WARN] | 64111 | ADCS | VulcanWrapper | VulcanInterface |  | VulcanWrapper | 2508628 | Could not get CCXP endpoint, ignoring message !
09/19/16 13:53:33:374 | [INFO] | 64111 | ADCS | VulcanWrapper | VulcanInterface |  | VulcanWrapper | 2486468 | Received RefreshEndPoints callback:
09/19/16 13:53:33:386 | [WARN] | 64111 | ADCS | VulcanWrapper | VulcanInterface |  | VulcanWrapper | 2508628 | Could not get CCXP endpoint, ignoring message !
09/19/16 13:53:48:377 | [INFO] | 64111 | ADCS | VulcanWrapper | VulcanInterface |  | VulcanWrapper | 2486468 | Received RefreshEndPoints callback:
09/19/16 13:53:48:389 | [WARN] | 64111 | ADCS | VulcanWrapper | VulcanInterface |  | VulcanWrapper | 2510327 | Could not get CCXP endpoint, ignoring message !
09/19/16 13:54:03:380 | [INFO] | 64111 | ADCS | VulcanWrapper | VulcanInterface |  | VulcanWrapper | 2486468 | Received RefreshEndPoints callback:
09/19/16 13:54:03:390 | [WARN] | 64111 | ADCS | VulcanWrapper | VulcanInterface |  | VulcanWrapper | 2510328 | Could not get CCXP endpoint, ignoring message !
09/19/16 13:54:18:383 | [INFO] | 64111 | ADCS | VulcanWrapper | VulcanInterface |  | VulcanWrapper | 2486468 | Received RefreshEndPoints callback:
09/19/16 13:54:18:394 | [WARN] | 64111 | ADCS | VulcanWrapper | VulcanInterface |  | VulcanWrapper | 2511423 | Could not get CCXP endpoint, ignoring message !
09/19/16 13:54:33:385 | [INFO] | 64111 | ADCS | VulcanWrapper | VulcanInterface |  | VulcanWrapper | 2486468 | Received RefreshEndPoints callback:
09/19/16 13:54:33:395 | [WARN] | 64111 | ADCS | VulcanWrapper | VulcanInterface |  | VulcanWrapper | 2512443 | Could not get CCXP endpoint, ignoring message !
09/19/16 13:54:48:476 | [INFO] | 64111 | ADCS | VulcanWrapper | VulcanInterface |  | VulcanWrapper | 2486468 | Received RefreshEndPoints callback:
09/19/16 13:54:48:487 | [WARN] | 64111 | ADCS | VulcanWrapper | VulcanInterface |  | VulcanWrapper | 2513420 | Could not get CCXP endpoint, ignoring message !
09/19/16 13:55:03:389 | [INFO] | 64111 | ADCS | VulcanWrapper | VulcanInterface |  | VulcanWrapper | 2486468 | Received RefreshEndPoints callback:
09/19/16 13:55:03:399 | [WARN] | 64111 | ADCS | VulcanWrapper | VulcanInterface |  | VulcanWrapper | 2513419 | Could not get CCXP endpoint, ignoring message !
09/19/16 13:55:18:394 | [INFO] | 64111 | ADCS | VulcanWrapper | VulcanInterface |  | VulcanWrapper | 2486468 | Received RefreshEndPoints callback:
09/19/16 13:55:18:405 | [WARN] | 64111 | ADCS | VulcanWrapper | VulcanInterface |  | VulcanWrapper | 2513419 | Could not get CCXP endpoint, ignoring message !
09/19/16 13:55:33:397 | [INFO] | 64111 | ADCS | VulcanWrapper | VulcanInterface |  | VulcanWrapper | 2486468 | Received RefreshEndPoints callback:
09/19/16 13:55:33:408 | [WARN] | 64111 | ADCS | VulcanWrapper | VulcanInterface |  | VulcanWrapper | 2513419 | Could not get CCXP endpoint, ignoring message !
09/19/16 13:55:48:401 | [INFO] | 64111 | ADCS | VulcanWrapper | VulcanInterface |  | VulcanWrapper | 2486468 | Received RefreshEndPoints callback:
09/19/16 13:55:48:413 | [WARN] | 64111 | ADCS | VulcanWrapper | VulcanInterface |  | VulcanWrapper | 2513419 | Could not get CCXP endpoint, ignoring message !
09/19/16 13:56:03:406 | [INFO] | 64111 | ADCS | VulcanWrapper | VulcanInterface |  | VulcanWrapper | 2486468 | Received RefreshEndPoints callback:
09/19/16 13:56:03:417 | [WARN] | 64111 | ADCS | VulcanWrapper | VulcanInterface |  | VulcanWrapper | 2513420 | Could not get CCXP endpoint, ignoring message !
09/19/16 13:56:18:410 | [INFO] | 64111 | ADCS | VulcanWrapper | VulcanInterface |  | VulcanWrapper | 2486468 | Received RefreshEndPoints callback:
09/19/16 13:56:18:421 | [WARN] | 64111 | ADCS | VulcanWrapper | VulcanInterface |  | VulcanWrapper | 2513420 | Could not get CCXP endpoint, ignoring message !
09/19/16 13:56:33:413 | [INFO] | 64111 | ADCS | VulcanWrapper | VulcanInterface |  | VulcanWrapper | 2486468 | Received RefreshEndPoints callback:
09/19/16 13:56:33:424 | [WARN] | 64111 | ADCS | VulcanWrapper | VulcanInterface |  | VulcanWrapper | 2518083 | Could not get CCXP endpoint, ignoring message !
09/19/16 13:56:48:418 | [INFO] | 64111 | ADCS | VulcanWrapper | VulcanInterface |  | VulcanWrapper | 2486468 | Received RefreshEndPoints callback:
09/19/16 13:56:48:430 | [WARN] | 64111 | ADCS | VulcanWrapper | VulcanInterface |  | VulcanWrapper | 2518083 | Could not get CCXP endpoint, ignoring message !
09/19/16 13:57:03:423 | [INFO] | 64111 | ADCS | VulcanWrapper | VulcanInterface |  | VulcanWrapper | 2486468 | Received RefreshEndPoints callback:
09/19/16 13:57:03:434 | [WARN] | 64111 | ADCS | VulcanWrapper | VulcanInterface |  | VulcanWrapper | 2518082 | Could not get CCXP endpoint, ignoring message !
09/19/16 13:57:18:425 | [INFO] | 64111 | ADCS | VulcanWrapper | VulcanInterface |  | VulcanWrapper | 2486468 | Received RefreshEndPoints callback:
09/19/16 13:57:18:436 | [WARN] | 64111 | ADCS | VulcanWrapper | VulcanInterface |  | VulcanWrapper | 2518082 | Could not get CCXP endpoint, ignoring message !
09/19/16 13:57:33:427 | [INFO] | 64111 | ADCS | VulcanWrapper | VulcanInterface |  | VulcanWrapper | 2486468 | Received RefreshEndPoints callback:
09/19/16 13:57:33:437 | [WARN] | 64111 | ADCS | VulcanWrapper | VulcanInterface |  | VulcanWrapper | 2518082 | Could not get CCXP endpoint, ignoring message !
09/19/16 13:57:48:431 | [INFO] | 64111 | ADCS | VulcanWrapper | VulcanInterface |  | VulcanWrapper | 2486468 | Received RefreshEndPoints callback:
09/19/16 13:57:48:441 | [WARN] | 64111 | ADCS | VulcanWrapper | VulcanInterface |  | VulcanWrapper | 2518083 | Could not get CCXP endpoint, ignoring message !
09/19/16 13:58:03:436 | [INFO] | 64111 | ADCS | VulcanWrapper | VulcanInterface |  | VulcanWrapper | 2486468 | Received RefreshEndPoints callback:
09/19/16 13:58:03:448 | [WARN] | 64111 | ADCS | VulcanWrapper | VulcanInterface |  | VulcanWrapper | 2518083 | Could not get CCXP endpoint, ignoring message !
09/19/16 13:58:18:440 | [INFO] | 64111 | ADCS | VulcanWrapper | VulcanInterface |  | VulcanWrapper | 2486468 | Received RefreshEndPoints callback:
09/19/16 13:58:18:453 | [WARN] | 64111 | ADCS | VulcanWrapper | VulcanInterface |  | VulcanWrapper | 2518083 | Could not get CCXP endpoint, ignoring message !
09/19/16 13:58:33:446 | [INFO] | 64111 | ADCS | VulcanWrapper | VulcanInterface |  | VulcanWrapper | 2486468 | Received RefreshEndPoints callback:
09/19/16 13:58:33:457 | [WARN] | 64111 | ADCS | VulcanWrapper | VulcanInterface |  | VulcanWrapper | 2518083 | Could not get CCXP endpoint, ignoring message !
09/19/16 13:58:48:449 | [INFO] | 64111 | ADCS | VulcanWrapper | VulcanInterface |  | VulcanWrapper | 2486468 | Received RefreshEndPoints callback:
09/19/16 13:58:48:459 | [WARN] | 64111 | ADCS | VulcanWrapper | VulcanInterface |  | VulcanWrapper | 2518083 | Could not get CCXP endpoint, ignoring message !
