2016-09-19 13:43:18:859 : ERROR vcfoundation::io::VCEndOfFile: <End Of File>
Trace: 0   AdobeIPCBroker                      0x000230fa AdobeIPCBroker + 139514
1   AdobeIPCBroker                      0x0001f3ac AdobeIPCBroker + 123820
2   AdobeIPCBroker                      0x0001f84e AdobeIPCBroker + 125006
3   AdobeIPCBroker                      0x0001f7cd AdobeIPCBroker + 124877
4   AdobeIPCBroker                      0x00026a6b AdobeIPCBroker + 154219
5   AdobeIPCBroker                      0x00026951 AdobeIPCBroker + 153937
6   AdobeIPCBroker                      0x0002589a AdobeIPCBroker + 149658
7   AdobeIPCBroker                      0x000296f7 AdobeIPCBroker + 165623
8   libsystem_pthread.dylib             0x97ecd780 _pthread_body + 138
9   libsystem_pthread.dylib             0x97ecd6f6 _pthread_body + 0
10  libsystem_pthread.dylib             0x97ecaf7a thread_start + 34

2016-09-19 13:43:18:860 : ERROR vcfoundation::io::VCEndOfFile: send() failed <32: Broken pipe>
Trace: 0   AdobeIPCBroker                      0x000230fa AdobeIPCBroker + 139514
1   AdobeIPCBroker                      0x00022b3d AdobeIPCBroker + 138045
2   AdobeIPCBroker                      0x00029e60 AdobeIPCBroker + 167520
3   AdobeIPCBroker                      0x000289e8 AdobeIPCBroker + 162280
4   AdobeIPCBroker                      0x000263b4 AdobeIPCBroker + 152500
5   AdobeIPCBroker                      0x0001f7ee AdobeIPCBroker + 124910
6   AdobeIPCBroker                      0x00026b6d AdobeIPCBroker + 154477
7   AdobeIPCBroker                      0x00026951 AdobeIPCBroker + 153937
8   AdobeIPCBroker                      0x0002589a AdobeIPCBroker + 149658
9   AdobeIPCBroker                      0x000296f7 AdobeIPCBroker + 165623
10  libsystem_pthread.dylib             0x97ecd780 _pthread_body + 138
11  libsystem_pthread.dylib             0x97ecd6f6 _pthread_body + 0
12  libsystem_pthread.dylib             0x97ecaf7a thread_start + 34

2016-09-19 13:44:33:710 : ERROR vcfoundation::io::VCEndOfFile: <End Of File>
Trace: 0   AdobeIPCBroker                      0x000230fa AdobeIPCBroker + 139514
1   AdobeIPCBroker                      0x0001f3ac AdobeIPCBroker + 123820
2   AdobeIPCBroker                      0x0001f84e AdobeIPCBroker + 125006
3   AdobeIPCBroker                      0x0001f7cd AdobeIPCBroker + 124877
4   AdobeIPCBroker                      0x00026a6b AdobeIPCBroker + 154219
5   AdobeIPCBroker                      0x00026951 AdobeIPCBroker + 153937
6   AdobeIPCBroker                      0x0002589a AdobeIPCBroker + 149658
7   AdobeIPCBroker                      0x000296f7 AdobeIPCBroker + 165623
8   libsystem_pthread.dylib             0x97ecd780 _pthread_body + 138
9   libsystem_pthread.dylib             0x97ecd6f6 _pthread_body + 0
10  libsystem_pthread.dylib             0x97ecaf7a thread_start + 34

2016-09-19 13:44:33:710 : ERROR vcfoundation::io::VCEndOfFile: send() failed <32: Broken pipe>
Trace: 0   AdobeIPCBroker                      0x000230fa AdobeIPCBroker + 139514
1   AdobeIPCBroker                      0x00022b3d AdobeIPCBroker + 138045
2   AdobeIPCBroker                      0x00029e60 AdobeIPCBroker + 167520
3   AdobeIPCBroker                      0x000289e8 AdobeIPCBroker + 162280
4   AdobeIPCBroker                      0x000263b4 AdobeIPCBroker + 152500
5   AdobeIPCBroker                      0x0001f7ee AdobeIPCBroker + 124910
6   AdobeIPCBroker                      0x00026b6d AdobeIPCBroker + 154477
7   AdobeIPCBroker                      0x00026951 AdobeIPCBroker + 153937
8   AdobeIPCBroker                      0x0002589a AdobeIPCBroker + 149658
9   AdobeIPCBroker                      0x000296f7 AdobeIPCBroker + 165623
10  libsystem_pthread.dylib             0x97ecd780 _pthread_body + 138
11  libsystem_pthread.dylib             0x97ecd6f6 _pthread_body + 0
12  libsystem_pthread.dylib             0x97ecaf7a thread_start + 34

2016-09-19 13:46:48:805 : ERROR vcfoundation::io::VCEndOfFile: <End Of File>
Trace: 0   AdobeIPCBroker                      0x000230fa AdobeIPCBroker + 139514
1   AdobeIPCBroker                      0x0001f3ac AdobeIPCBroker + 123820
2   AdobeIPCBroker                      0x0001f84e AdobeIPCBroker + 125006
3   AdobeIPCBroker                      0x0001f7cd AdobeIPCBroker + 124877
4   AdobeIPCBroker                      0x00026a6b AdobeIPCBroker + 154219
5   AdobeIPCBroker                      0x00026951 AdobeIPCBroker + 153937
6   AdobeIPCBroker                      0x0002589a AdobeIPCBroker + 149658
7   AdobeIPCBroker                      0x000296f7 AdobeIPCBroker + 165623
8   libsystem_pthread.dylib             0x97ecd780 _pthread_body + 138
9   libsystem_pthread.dylib             0x97ecd6f6 _pthread_body + 0
10  libsystem_pthread.dylib             0x97ecaf7a thread_start + 34

2016-09-19 13:46:48:805 : ERROR vcfoundation::io::VCEndOfFile: send() failed <32: Broken pipe>
Trace: 0   AdobeIPCBroker                      0x000230fa AdobeIPCBroker + 139514
1   AdobeIPCBroker                      0x00022b3d AdobeIPCBroker + 138045
2   AdobeIPCBroker                      0x00029e60 AdobeIPCBroker + 167520
3   AdobeIPCBroker                      0x000289e8 AdobeIPCBroker + 162280
4   AdobeIPCBroker                      0x000263b4 AdobeIPCBroker + 152500
5   AdobeIPCBroker                      0x0001f7ee AdobeIPCBroker + 124910
6   AdobeIPCBroker                      0x00026b6d AdobeIPCBroker + 154477
7   AdobeIPCBroker                      0x00026951 AdobeIPCBroker + 153937
8   AdobeIPCBroker                      0x0002589a AdobeIPCBroker + 149658
9   AdobeIPCBroker                      0x000296f7 AdobeIPCBroker + 165623
10  libsystem_pthread.dylib             0x97ecd780 _pthread_body + 138
11  libsystem_pthread.dylib             0x97ecd6f6 _pthread_body + 0
12  libsystem_pthread.dylib             0x97ecaf7a thread_start + 34

2016-09-19 13:51:03:902 : ERROR vcfoundation::io::VCEndOfFile: <End Of File>
Trace: 0   AdobeIPCBroker                      0x000230fa AdobeIPCBroker + 139514
1   AdobeIPCBroker                      0x0001f3ac AdobeIPCBroker + 123820
2   AdobeIPCBroker                      0x0001f84e AdobeIPCBroker + 125006
3   AdobeIPCBroker                      0x0001f7cd AdobeIPCBroker + 124877
4   AdobeIPCBroker                      0x00026a6b AdobeIPCBroker + 154219
5   AdobeIPCBroker                      0x00026951 AdobeIPCBroker + 153937
6   AdobeIPCBroker                      0x0002589a AdobeIPCBroker + 149658
7   AdobeIPCBroker                      0x000296f7 AdobeIPCBroker + 165623
8   libsystem_pthread.dylib             0x97ecd780 _pthread_body + 138
9   libsystem_pthread.dylib             0x97ecd6f6 _pthread_body + 0
10  libsystem_pthread.dylib             0x97ecaf7a thread_start + 34

2016-09-19 13:51:03:902 : ERROR vcfoundation::io::VCEndOfFile: send() failed <32: Broken pipe>
Trace: 0   AdobeIPCBroker                      0x000230fa AdobeIPCBroker + 139514
1   AdobeIPCBroker                      0x00022b3d AdobeIPCBroker + 138045
2   AdobeIPCBroker                      0x00029e60 AdobeIPCBroker + 167520
3   AdobeIPCBroker                      0x000289e8 AdobeIPCBroker + 162280
4   AdobeIPCBroker                      0x000263b4 AdobeIPCBroker + 152500
5   AdobeIPCBroker                      0x0001f7ee AdobeIPCBroker + 124910
6   AdobeIPCBroker                      0x00026b6d AdobeIPCBroker + 154477
7   AdobeIPCBroker                      0x00026951 AdobeIPCBroker + 153937
8   AdobeIPCBroker                      0x0002589a AdobeIPCBroker + 149658
9   AdobeIPCBroker                      0x000296f7 AdobeIPCBroker + 165623
10  libsystem_pthread.dylib             0x97ecd780 _pthread_body + 138
11  libsystem_pthread.dylib             0x97ecd6f6 _pthread_body + 0
12  libsystem_pthread.dylib             0x97ecaf7a thread_start + 34

