09/19/16 13:43:17:739 | [INFO] |  |  |  | OOBELib |  |  | 2486452 | __OOBELIB_LOG_FILE__
09/19/16 13:43:17:739 | [INFO] |  |  |  | OOBELib |  |  | 2486452 | *************OOBELib Session Starts*************
09/19/16 13:43:17:741 | [INFO] |  |  |  | OOBELib |  |  | 2486452 | Version 9.0.0.316,7.0

09/19/16 13:43:17:742 | [INFO] |  |  |  | PCDService |  |  | 2486452 | PCD Service in non-threaded mode
09/19/16 13:43:17:750 | [INFO] |  |  |  | DispatchClientLib |  |  | 2486452 | Dispatch table Not found parallel to binary, looking into P7 folder
09/19/16 13:43:17:750 | [INFO] |  |  |  | DispatchClientLib |  |  | 2486452 | Dispatch table file doesnot in parallel to binary or inside the binary, falling back to ACF path.
09/19/16 13:43:17:751 | [INFO] |  |  |  | DispatchClientLib |  |  | 2486452 | Dispatch table loaded from path: /Library/Application Support/Adobe/OOBE/PDApp/P7/dispatchtable.xml 
09/19/16 13:43:17:753 | [INFO] |  |  |  | DispatchClientLib |  |  | 2486452 | (re)load Local Dispatch Table status-[0].
09/19/16 13:43:17:754 | [INFO] |  |  |  | DispatchClientLib |  |  | 2486452 | Scope : [2]
09/19/16 13:43:17:756 | [INFO] |  |  |  | DispatchClientLib |  |  | 2486452 | Setting scope to GM
09/19/16 13:43:17:766 | [ERROR] |  |  |  | OPMWrapper |  |  | 2486452 | Failed in getting value for key in OPMGetValueForKey
09/19/16 13:43:17:767 | [INFO] |  |  |  | OOBELib |  |  | 2486452 | Failed to get Proxy username in OPM DB
09/19/16 13:43:17:769 | [INFO] |  |  |  | AXFBLicensing |  |  | 2486452 | Path : /Library/Application Support/Adobe/Adobe Desktop Common/ADS/Adobe Desktop Service.app/..//axlibv7.dylib
09/19/16 13:43:17:770 | [INFO] |  |  |  | AXFBLicensing |  |  | 2486452 | Failed to load axlibv7.dylib
09/19/16 13:43:17:771 | [INFO] |  |  |  | AXFBLicensing |  |  | 2486452 | Trying default path
09/19/16 13:43:17:789 | [INFO] |  |  |  | AXFBLicensing |  |  | 2486452 | All function pointers successfully retrieved
09/19/16 13:43:17:815 | [INFO] |  |  |  | SLCoreService |  |  | 2486452 | Starting up SLCore 2.0 Release (build 2.0.1.360321).
09/19/16 13:43:17:816 | [INFO] |  |  |  | SLCoreService |  |  | 2486452 | Service construction took 0.8 ms and succeed.
09/19/16 13:43:17:817 | [INFO] |  |  |  | OOBELib |  |  | 2486452 | GetSeatID : MachineID successfully retrieved
09/19/16 13:43:17:818 | [INFO] |  |  |  | SLCoreService |  |  | 2486452 | Shutting down SLCore 2.0 Release (build 2.0.1.360321).
09/19/16 13:43:17:819 | [INFO] |  |  |  | SLCoreService |  |  | 2486452 | Service destruction took 1.1 ms and succeed.
09/19/16 13:43:17:827 | [INFO] |  |  |  | OOBELib |  |  | 2486452 | OOBELibImpl::CommitPCD STARTED
09/19/16 13:43:17:949 | [DEBUG] |  |  |  | ServiceLoader |  |  | 2486452 | looking for library /Applications/Utilities/Adobe Application Manager/P7/adobe_upgrade.framework/adobe_upgrade
09/19/16 13:43:17:950 | [DEBUG] |  |  |  | ServiceLoader |  |  | 2486452 | Found library /Applications/Utilities/Adobe Application Manager/P7/adobe_upgrade.dylib
09/19/16 13:43:17:971 | [INFO] |  |  |  | OOBELib |  |  | 2486452 | SN not validated in this session
09/19/16 13:43:17:972 | [INFO] |  |  |  | OOBELib |  |  | 2486452 | No SN to be remembered
09/19/16 13:43:17:973 | [INFO] |  |  |  | OOBELib |  |  | 2486452 | User hasn't registered
09/19/16 13:43:17:974 | [INFO] |  |  |  | OOBELib |  |  | 2486452 | OOBELibImpl::CommitPCD ENDED
09/19/16 13:43:17:975 | [INFO] |  |  |  | OOBELib |  |  | 2486452 | Closing AdobeIALClient 1.0 Release (build 1.0.6.3) session.
09/19/16 13:43:17:976 | [INFO] |  |  |  | OOBELib |  |  | 2486452 | *************OOBELib Session Ends*************
09/19/16 13:43:18:033 | [INFO] |  |  |  | DispatchClientLib |  |  | 2486452 | Dispatch table Not found parallel to binary, looking into P7 folder
09/19/16 13:43:18:033 | [INFO] |  |  |  | DispatchClientLib |  |  | 2486452 | Dispatch table file doesnot in parallel to binary or inside the binary, falling back to ACF path.
09/19/16 13:43:18:034 | [INFO] |  |  |  | DispatchClientLib |  |  | 2486452 | Dispatch table loaded from path: /Library/Application Support/Adobe/OOBE/PDApp/P7/dispatchtable.xml 
09/19/16 13:43:18:036 | [INFO] |  |  |  | DispatchClientLib |  |  | 2486452 | (re)load Local Dispatch Table status-[0].
09/19/16 13:43:18:037 | [INFO] |  |  |  | DispatchClientLib |  |  | 2486452 | Scope : [2]
09/19/16 13:43:18:038 | [INFO] |  |  |  | DispatchClientLib |  |  | 2486452 | Setting scope to GM
09/19/16 13:43:18:039 | [INFO] |  |  |  | DispatchClientLib |  |  | 2486452 | EndPoint requested: [IdentityManagement]
09/19/16 13:43:18:040 | [INFO] |  |  |  | DispatchClientLib |  |  | 2486452 | Length of the URL: [33]
09/19/16 13:43:18:042 | [INFO] |  |  |  | DispatchClientLib |  |  | 2486452 | Returning from getEndpointAddr: [0]
09/19/16 13:43:18:043 | [INFO] |  |  |  | DispatchClientLib |  |  | 2486452 | EndPoint requested: [IdentityManagement]
09/19/16 13:43:18:044 | [INFO] |  |  |  | DispatchClientLib |  |  | 2486452 | Length of the URL: [33]
09/19/16 13:43:18:045 | [INFO] |  |  |  | DispatchClientLib |  |  | 2486452 | URL found [https://ims-prod06.adobelogin.com]
09/19/16 13:43:18:046 | [INFO] |  |  |  | DispatchClientLib |  |  | 2486452 | Returning from getEndpointAddr: [0]
