09/19/16 13:43:17:149 | [INFO] |  | ASU | LWANative | LWANative |  |  | 2486452 | Build Version - 9.0.0.243
09/19/16 13:43:17:149 | [INFO] |  | ASU | LWANative | LWANative |  |  | 2486452 | Logging Level verbosity Set  to 4
09/19/16 13:43:17:680 | [INFO] |  | ASU | LWANative | P7Native |  |  | 2486452 | Start : pwa_openSession
09/19/16 13:43:17:681 | [INFO] |  | ASU | LWANative | P7Native |  |  | 2486452 | pwa_openSession Session key : 00114657-0907-4EFC-B166-A31518DA8163
09/19/16 13:43:17:760 | [INFO] |  | ASU | OPM | OPM |  |  | 2486452 | Build Version - 9.0.0.222
09/19/16 13:43:17:760 | [INFO] |  | ASU | OPM | OPM |  |  | 2486452 | Logging Level verbosity Set  to 4
09/19/16 13:43:17:763 | [INFO] |  | ASU | OPM | OPM |  |  | 2486452 | Schema version and schema compatibility version are same or greater than current

09/19/16 13:43:17:764 | [INFO] |  | ASU | OPM | OPM |  |  | 2486452 | _opm_handle_OPDReturnedStatus called with opdStatus as:0
09/19/16 13:43:17:765 | [INFO] |  | ASU | OPM | OPM |  |  | 2486452 | No Record found for the input fields in opm_getValueForKey
09/19/16 13:43:17:768 | [INFO] |  | ASU | OPM | OPM |  |  | 2486452 | Released OPM refrence successfully in opm_freeLibRef
09/19/16 13:43:17:790 | [INFO] |  | ASU | LWANative | P7Native |  |  | 2486452 | End : pwa_openSession
09/19/16 13:43:17:795 | [INFO] |  | ASU | LWANative | P7Native |  |  | 2486452 | Start : pwa_getDeviceID
09/19/16 13:43:17:796 | [INFO] |  | ASU | OPM | OPM |  |  | 2486452 | Build Version - 9.0.0.243
09/19/16 13:43:17:797 | [INFO] |  | ASU | OPM | OPM |  |  | 2486452 | Logging Level verbosity Set  to 4
09/19/16 13:43:17:800 | [INFO] |  | ASU | OPM | OPM |  |  | 2486452 | Schema version and schema compatibility version are same or greater than current

09/19/16 13:43:17:801 | [INFO] |  | ASU | OPM | OPM |  |  | 2486452 | _opm_handle_OPDReturnedStatus called with opdStatus as:0
09/19/16 13:43:17:802 | [INFO] |  | ASU | OPM | OPM |  |  | 2486452 | No Record found for the input fields in opm_getValueForKey
09/19/16 13:43:17:803 | [WARN] |  | ASU | OPM | OPMWrapper |  |  | 2486452 | Failed in getting value for key in OPMGetValueForKey
09/19/16 13:43:17:804 | [INFO] |  | ASU | OPM | P7Native |  |  | 2486452 | OOBELibSessionForDeviceID : DeviceId not present in local db generating it from scratch in pwa_getDeviceID
09/19/16 13:43:17:805 | [INFO] |  | ASU | OPM | P7Native |  |  | 2486452 | Start : generateDeviceID
09/19/16 13:43:17:807 | [INFO] |  | ASU | OPM | P7Native |  |  | 2486452 | End : generateDeviceID
09/19/16 13:43:17:808 | [INFO] |  | ASU | OPM | P7Native |  |  | 2486452 | End : pwa_getDeviceID
09/19/16 13:43:17:814 | [INFO] |  | ASU | OPM | P7Native |  |  | 2486452 | Start : pwa_getMachineHashedID
09/19/16 13:43:17:820 | [INFO] |  | ASU | OPM | P7Native |  |  | 2486452 | End : pwa_getMachineHashedID
09/19/16 13:43:17:826 | [INFO] |  | ASU | OPM | P7Native |  |  | 2486452 | Start : pwa_closeSession
09/19/16 13:43:17:977 | [INFO] |  | ASU | OPM | P7Native |  |  | 2486452 | End : pwa_closeSession
09/19/16 13:43:17:999 | [INFO] |  | ASU | OPM | P7Native |  |  | 2486452 | Performing openIMSLibSessionWithXMLParams...
09/19/16 13:43:18:000 | [INFO] |  | ASU | OPM | P7Native |  |  | 2486452 | pwa_openIMSLibSessionWithXMLParams Session key : 03566702-4478-4550-B216-EB6D94F10794
09/19/16 13:43:18:020 | [INFO] |  | ASU | IMSLib | IMSLib |  |  | 2486452 | Build Version - 9.0.1.28
09/19/16 13:43:18:021 | [INFO] |  | ASU | IMSLib | IMSLib |  |  | 2486452 | Logging Level verbosity Set  to 4
09/19/16 13:43:18:022 | [INFO] |  | ASU | IMSLib | IMSLib |  |  | 2486452 | Creating IMSLib instance WithXMLParams ...
09/19/16 13:43:18:024 | [INFO] |  | ASU | IMSLib | IMSLib |  |  | 2486452 | Failed to retreive locale from the input xml in IMS_createRefExWithXMLParams
09/19/16 13:43:18:025 | [INFO] |  | ASU | OPM | OPM |  |  | 2486452 | Build Version - 9.0.1.28
09/19/16 13:43:18:026 | [INFO] |  | ASU | OPM | OPM |  |  | 2486452 | Logging Level verbosity Set  to 4
09/19/16 13:43:18:028 | [INFO] |  | ASU | OPM | OPM |  |  | 2486452 | Schema version and schema compatibility version are same or greater than current

09/19/16 13:43:18:028 | [INFO] |  | ASU | OPM | IMSLibHelper |  |  | 2486452 | OPMWrapper allocation succeeded
09/19/16 13:43:18:029 | [INFO] |  | ASU | OPM | IMSLib |  |  | 2486452 | This product version is for GM
09/19/16 13:43:18:047 | [INFO] |  | ASU | OPM | IMSLib |  |  | 2486452 | URL retreived from dispatchlib https://ims-prod06.adobelogin.com
09/19/16 13:43:18:048 | [INFO] |  | ASU | OPM | IMSLib |  |  | 2486452 | Created IMSLib instance with endpoint:https://ims-prod06.adobelogin.com in IMS_createRefExWithXMLParams
09/19/16 13:43:18:050 | [INFO] |  | ASU | OPM | OPM |  |  | 2486452 | _opm_handle_OPDReturnedStatus called with opdStatus as:0
09/19/16 13:43:18:051 | [INFO] |  | ASU | OPM | OPM |  |  | 2486452 | No Record found for the input fields in opm_getValueForKey
09/19/16 13:43:18:052 | [INFO] |  | ASU | OPM | IMSLib_OPMWrapper |  |  | 2486452 | Failed in getting value for key in OPMGetValueForKey domain:OOBE subDomain:ProxyCredentials key:ProxyUsername
09/19/16 13:43:18:053 | [INFO] |  | ASU | OPM | IMSLibHelper |  |  | 2486452 | Failed to get proxy user name from local db in getProxyCredentialsFromLocalStore
09/19/16 13:43:18:054 | [INFO] |  | ASU | OPM | IMSLib |  |  | 2486452 | Failed to get proxy credentials from local store in IMS_createRefExWithXMLParams
09/19/16 13:43:18:056 | [INFO] |  | ASU | OPM | IMSLib |  |  | 2486452 | Performing IMS_registerClientToGroup..
09/19/16 13:43:18:058 | [INFO] |  | ASU | OPM | OPM |  |  | 2486452 | Performing opm_getRecords...
09/19/16 13:43:18:059 | [INFO] |  | ASU | OPM | OPM |  |  | 2486452 | _opm_handle_OPDReturnedStatus called with opdStatus as:0
09/19/16 13:43:18:060 | [INFO] |  | ASU | OPM | OPM |  |  | 2486452 | _opm_handle_OPDReturnedStatus called with opdStatus as:0
09/19/16 13:43:18:062 | [INFO] |  | ASU | OPM | OPM |  |  | 2486452 | returning size of value as:79 in opm_getValueForKey
09/19/16 13:43:18:064 | [INFO] |  | ASU | OPM | OPM |  |  | 2486452 | _opm_handle_OPDReturnedStatus called with opdStatus as:0
09/19/16 13:43:18:065 | [INFO] |  | ASU | OPM | OPM |  |  | 2486452 | Successfully retreived value from opm domain:IMSLib subdomain:BuddyGroup key:0 in opm_getValueForKey
09/19/16 13:43:18:066 | [INFO] |  | ASU | OPM | P7Native |  |  | 2486452 | Successfully registered AAM Client to Buddy group in pwa_openIMSLibSessionWithXMLParams.
09/19/16 13:43:18:076 | [INFO] |  | ASU | OPM | P7Native |  |  | 2486452 | Performing registeration of client to group
09/19/16 13:43:18:078 | [INFO] |  | ASU | OPM | IMSLib |  |  | 2486452 | Performing IMS_registerClientToGroup..
09/19/16 13:43:18:079 | [INFO] |  | ASU | OPM | OPM |  |  | 2486452 | Performing opm_getRecords...
09/19/16 13:43:18:080 | [INFO] |  | ASU | OPM | OPM |  |  | 2486452 | _opm_handle_OPDReturnedStatus called with opdStatus as:0
09/19/16 13:43:18:082 | [INFO] |  | ASU | OPM | OPM |  |  | 2486452 | _opm_handle_OPDReturnedStatus called with opdStatus as:0
09/19/16 13:43:18:083 | [INFO] |  | ASU | OPM | OPM |  |  | 2486452 | returning size of value as:79 in opm_getValueForKey
09/19/16 13:43:18:085 | [INFO] |  | ASU | OPM | OPM |  |  | 2486452 | _opm_handle_OPDReturnedStatus called with opdStatus as:0
09/19/16 13:43:18:086 | [INFO] |  | ASU | OPM | OPM |  |  | 2486452 | Successfully retreived value from opm domain:IMSLib subdomain:BuddyGroup key:0 in opm_getValueForKey
09/19/16 13:43:18:088 | [INFO] |  | ASU | OPM | P7Native |  |  | 2486452 | Registered Client to group successfully!
09/19/16 13:43:18:092 | [INFO] |  | ASU | OPM | P7Native |  |  | 2486452 | Performing fetch default user for clientID...
09/19/16 13:43:18:093 | [INFO] |  | ASU | OPM | IMSLib |  |  | 2486452 | Performing fetchDefaultUserInfoForClientId...
09/19/16 13:43:18:095 | [INFO] |  | ASU | OPM | OPM |  |  | 2486452 | _opm_handle_OPDReturnedStatus called with opdStatus as:0
09/19/16 13:43:18:096 | [INFO] |  | ASU | OPM | OPM |  |  | 2486452 | No Record found for the input fields in opm_getValueForKey
09/19/16 13:43:18:097 | [INFO] |  | ASU | OPM | IMSLib_OPMWrapper |  |  | 2486452 | Failed in getting value for key in OPMGetValueForKey domain:IMSLib subDomain:CSServiceMap key:CreativeCloud_v3_5
09/19/16 13:43:18:098 | [WARN] |  | ASU | OPM | IMSLibHelper |  |  | 2486452 | Failed in fetching default user id for the service, while processing fetchDefaultUserGUIDForClientID
09/19/16 13:43:18:099 | [INFO] |  | ASU | OPM | IMSLib |  |  | 2486452 | Failed to get default user for clientId in fetchDefaultUserInfoForClientId...
09/19/16 13:43:18:100 | [WARN] |  | ASU | OPM | P7Native |  |  | 2486452 | failed in IMSLib's fetchDefaultUserInfoForClientId function, in getDefaultUserForClientId
09/19/16 13:43:18:102 | [INFO] |  | ASU | OPM | IMSLib |  |  | 2486452 | Performing releaseData...
09/19/16 13:43:18:103 | [INFO] |  | ASU | OPM | P7Native |  |  | 2486452 | Unable to find default user for client_id: CreativeCloud_v3_5
09/19/16 13:43:18:460 | [INFO] |  | ASU | IMSLib | IMSLib |  |  | 2486559 | Build Version - 9.0.1.26
09/19/16 13:43:18:461 | [INFO] |  | ASU | IMSLib | IMSLib |  |  | 2486559 | Logging Level verbosity Set  to 4
09/19/16 13:43:18:462 | [INFO] |  | ASU | IMSLib | IMSLib |  |  | 2486559 | Creating IMSLib Ex instance ...
09/19/16 13:43:18:463 | [INFO] |  | ASU | OPM | OPM |  |  | 2486559 | Build Version - 9.0.1.26
09/19/16 13:43:18:463 | [INFO] |  | ASU | OPM | OPM |  |  | 2486559 | Logging Level verbosity Set  to 4
09/19/16 13:43:18:466 | [INFO] |  | ASU | OPM | OPM |  |  | 2486559 | Schema version and schema compatibility version are same or greater than current

09/19/16 13:43:18:466 | [INFO] |  | ASU | OPM | IMSLibHelper |  |  | 2486559 | OPMWrapper allocation succeeded
09/19/16 13:43:18:467 | [INFO] |  | ASU | OPM | OPM |  |  | 2486559 | _opm_handle_OPDReturnedStatus called with opdStatus as:0
09/19/16 13:43:18:468 | [INFO] |  | ASU | OPM | OPM |  |  | 2486559 | No Record found for the input fields in opm_getValueForKey
09/19/16 13:43:18:469 | [INFO] |  | ASU | OPM | IMSLib_OPMWrapper |  |  | 2486559 | Failed in getting value for key in OPMGetValueForKey domain:OOBE subDomain:ProxyCredentials key:ProxyUsername
09/19/16 13:43:18:470 | [INFO] |  | ASU | OPM | IMSLibHelper |  |  | 2486559 | Failed to get proxy user name from local db in getProxyCredentialsFromLocalStore
09/19/16 13:43:18:471 | [INFO] |  | ASU | OPM | IMSLib |  |  | 2486559 | Failed get proxy credentials from local store while creating IMSLib Ex instance ...
09/19/16 13:43:18:472 | [INFO] |  | ASU | OPM | IMSLib |  |  | 2486559 | Performing IMS_registerClientToGroup..
09/19/16 13:43:18:473 | [INFO] |  | ASU | OPM | OPM |  |  | 2486559 | Performing opm_getRecords...
09/19/16 13:43:18:474 | [INFO] |  | ASU | OPM | OPM |  |  | 2486559 | _opm_handle_OPDReturnedStatus called with opdStatus as:0
09/19/16 13:43:18:475 | [INFO] |  | ASU | OPM | OPM |  |  | 2486559 | _opm_handle_OPDReturnedStatus called with opdStatus as:0
09/19/16 13:43:18:476 | [INFO] |  | ASU | OPM | OPM |  |  | 2486559 | returning size of value as:79 in opm_getValueForKey
09/19/16 13:43:18:476 | [INFO] |  | ASU | OPM | OPM |  |  | 2486559 | _opm_handle_OPDReturnedStatus called with opdStatus as:0
09/19/16 13:43:18:477 | [INFO] |  | ASU | OPM | OPM |  |  | 2486559 | Successfully retreived value from opm domain:IMSLib subdomain:BuddyGroup key:0 in opm_getValueForKey
09/19/16 13:43:18:478 | [INFO] |  | ASU | OPM | IMSLib |  |  | 2486559 | Releasing IMSLib instance
09/19/16 13:43:18:479 | [INFO] |  | ASU | OPM | OPM |  |  | 2486559 | Released OPM refrence successfully in opm_freeLibRef
09/19/16 13:43:18:480 | [INFO] |  | ASU | OPM | IMSLibHelper |  |  | 2486559 | OPM reference freed
09/19/16 13:43:18:481 | [INFO] |  | ASU | OPM | IMSLib |  |  | 2486559 | IMSLib instance released ...
09/19/16 13:44:33:527 | [INFO] |  | ASU | IMSLib | IMSLib |  |  | 2490791 | Build Version - 9.0.1.26
09/19/16 13:44:33:528 | [INFO] |  | ASU | IMSLib | IMSLib |  |  | 2490791 | Logging Level verbosity Set  to 4
09/19/16 13:44:33:530 | [INFO] |  | ASU | IMSLib | IMSLib |  |  | 2490791 | Creating IMSLib Ex instance ...
09/19/16 13:44:33:531 | [INFO] |  | ASU | OPM | OPM |  |  | 2490791 | Build Version - 9.0.1.26
09/19/16 13:44:33:532 | [INFO] |  | ASU | OPM | OPM |  |  | 2490791 | Logging Level verbosity Set  to 4
09/19/16 13:44:33:535 | [INFO] |  | ASU | OPM | OPM |  |  | 2490791 | Schema version and schema compatibility version are same or greater than current

09/19/16 13:44:33:536 | [INFO] |  | ASU | OPM | IMSLibHelper |  |  | 2490791 | OPMWrapper allocation succeeded
09/19/16 13:44:33:538 | [INFO] |  | ASU | OPM | OPM |  |  | 2490791 | _opm_handle_OPDReturnedStatus called with opdStatus as:0
09/19/16 13:44:33:539 | [INFO] |  | ASU | OPM | OPM |  |  | 2490791 | No Record found for the input fields in opm_getValueForKey
09/19/16 13:44:33:540 | [INFO] |  | ASU | OPM | IMSLib_OPMWrapper |  |  | 2490791 | Failed in getting value for key in OPMGetValueForKey domain:OOBE subDomain:ProxyCredentials key:ProxyUsername
09/19/16 13:44:33:541 | [INFO] |  | ASU | OPM | IMSLibHelper |  |  | 2490791 | Failed to get proxy user name from local db in getProxyCredentialsFromLocalStore
09/19/16 13:44:33:543 | [INFO] |  | ASU | OPM | IMSLib |  |  | 2490791 | Failed get proxy credentials from local store while creating IMSLib Ex instance ...
09/19/16 13:44:33:544 | [INFO] |  | ASU | OPM | IMSLib |  |  | 2490791 | Performing IMS_registerClientToGroup..
09/19/16 13:44:33:546 | [INFO] |  | ASU | OPM | OPM |  |  | 2490791 | Performing opm_getRecords...
09/19/16 13:44:33:547 | [INFO] |  | ASU | OPM | OPM |  |  | 2490791 | _opm_handle_OPDReturnedStatus called with opdStatus as:0
09/19/16 13:44:33:548 | [INFO] |  | ASU | OPM | OPM |  |  | 2490791 | _opm_handle_OPDReturnedStatus called with opdStatus as:0
09/19/16 13:44:33:550 | [INFO] |  | ASU | OPM | OPM |  |  | 2490791 | returning size of value as:79 in opm_getValueForKey
09/19/16 13:44:33:551 | [INFO] |  | ASU | OPM | OPM |  |  | 2490791 | _opm_handle_OPDReturnedStatus called with opdStatus as:0
09/19/16 13:44:33:552 | [INFO] |  | ASU | OPM | OPM |  |  | 2490791 | Successfully retreived value from opm domain:IMSLib subdomain:BuddyGroup key:0 in opm_getValueForKey
09/19/16 13:44:33:554 | [INFO] |  | ASU | OPM | IMSLib |  |  | 2490791 | Releasing IMSLib instance
09/19/16 13:44:33:556 | [INFO] |  | ASU | OPM | OPM |  |  | 2490791 | Released OPM refrence successfully in opm_freeLibRef
09/19/16 13:44:33:557 | [INFO] |  | ASU | OPM | IMSLibHelper |  |  | 2490791 | OPM reference freed
09/19/16 13:44:33:559 | [INFO] |  | ASU | OPM | IMSLib |  |  | 2490791 | IMSLib instance released ...
09/19/16 13:46:48:626 | [INFO] |  | ASU | IMSLib | IMSLib |  |  | 2495445 | Build Version - 9.0.1.26
09/19/16 13:46:48:627 | [INFO] |  | ASU | IMSLib | IMSLib |  |  | 2495445 | Logging Level verbosity Set  to 4
09/19/16 13:46:48:628 | [INFO] |  | ASU | IMSLib | IMSLib |  |  | 2495445 | Creating IMSLib Ex instance ...
09/19/16 13:46:48:630 | [INFO] |  | ASU | OPM | OPM |  |  | 2495445 | Build Version - 9.0.1.26
09/19/16 13:46:48:631 | [INFO] |  | ASU | OPM | OPM |  |  | 2495445 | Logging Level verbosity Set  to 4
09/19/16 13:46:48:634 | [INFO] |  | ASU | OPM | OPM |  |  | 2495445 | Schema version and schema compatibility version are same or greater than current

09/19/16 13:46:48:636 | [INFO] |  | ASU | OPM | IMSLibHelper |  |  | 2495445 | OPMWrapper allocation succeeded
09/19/16 13:46:48:637 | [INFO] |  | ASU | OPM | OPM |  |  | 2495445 | _opm_handle_OPDReturnedStatus called with opdStatus as:0
09/19/16 13:46:48:638 | [INFO] |  | ASU | OPM | OPM |  |  | 2495445 | No Record found for the input fields in opm_getValueForKey
09/19/16 13:46:48:640 | [INFO] |  | ASU | OPM | IMSLib_OPMWrapper |  |  | 2495445 | Failed in getting value for key in OPMGetValueForKey domain:OOBE subDomain:ProxyCredentials key:ProxyUsername
09/19/16 13:46:48:641 | [INFO] |  | ASU | OPM | IMSLibHelper |  |  | 2495445 | Failed to get proxy user name from local db in getProxyCredentialsFromLocalStore
09/19/16 13:46:48:642 | [INFO] |  | ASU | OPM | IMSLib |  |  | 2495445 | Failed get proxy credentials from local store while creating IMSLib Ex instance ...
09/19/16 13:46:48:644 | [INFO] |  | ASU | OPM | IMSLib |  |  | 2495445 | Performing IMS_registerClientToGroup..
09/19/16 13:46:48:645 | [INFO] |  | ASU | OPM | OPM |  |  | 2495445 | Performing opm_getRecords...
09/19/16 13:46:48:647 | [INFO] |  | ASU | OPM | OPM |  |  | 2495445 | _opm_handle_OPDReturnedStatus called with opdStatus as:0
09/19/16 13:46:48:648 | [INFO] |  | ASU | OPM | OPM |  |  | 2495445 | _opm_handle_OPDReturnedStatus called with opdStatus as:0
09/19/16 13:46:48:649 | [INFO] |  | ASU | OPM | OPM |  |  | 2495445 | returning size of value as:79 in opm_getValueForKey
09/19/16 13:46:48:650 | [INFO] |  | ASU | OPM | OPM |  |  | 2495445 | _opm_handle_OPDReturnedStatus called with opdStatus as:0
09/19/16 13:46:48:652 | [INFO] |  | ASU | OPM | OPM |  |  | 2495445 | Successfully retreived value from opm domain:IMSLib subdomain:BuddyGroup key:0 in opm_getValueForKey
09/19/16 13:46:48:654 | [INFO] |  | ASU | OPM | IMSLib |  |  | 2495445 | Releasing IMSLib instance
09/19/16 13:46:48:655 | [INFO] |  | ASU | OPM | OPM |  |  | 2495445 | Released OPM refrence successfully in opm_freeLibRef
09/19/16 13:46:48:656 | [INFO] |  | ASU | OPM | IMSLibHelper |  |  | 2495445 | OPM reference freed
09/19/16 13:46:48:658 | [INFO] |  | ASU | OPM | IMSLib |  |  | 2495445 | IMSLib instance released ...
09/19/16 13:51:03:727 | [INFO] |  | ASU | IMSLib | IMSLib |  |  | 2503093 | Build Version - 9.0.1.26
09/19/16 13:51:03:727 | [INFO] |  | ASU | IMSLib | IMSLib |  |  | 2503093 | Logging Level verbosity Set  to 4
09/19/16 13:51:03:729 | [INFO] |  | ASU | IMSLib | IMSLib |  |  | 2503093 | Creating IMSLib Ex instance ...
09/19/16 13:51:03:730 | [INFO] |  | ASU | OPM | OPM |  |  | 2503093 | Build Version - 9.0.1.26
09/19/16 13:51:03:731 | [INFO] |  | ASU | OPM | OPM |  |  | 2503093 | Logging Level verbosity Set  to 4
09/19/16 13:51:03:734 | [INFO] |  | ASU | OPM | OPM |  |  | 2503093 | Schema version and schema compatibility version are same or greater than current

09/19/16 13:51:03:735 | [INFO] |  | ASU | OPM | IMSLibHelper |  |  | 2503093 | OPMWrapper allocation succeeded
09/19/16 13:51:03:737 | [INFO] |  | ASU | OPM | OPM |  |  | 2503093 | _opm_handle_OPDReturnedStatus called with opdStatus as:0
09/19/16 13:51:03:738 | [INFO] |  | ASU | OPM | OPM |  |  | 2503093 | No Record found for the input fields in opm_getValueForKey
09/19/16 13:51:03:739 | [INFO] |  | ASU | OPM | IMSLib_OPMWrapper |  |  | 2503093 | Failed in getting value for key in OPMGetValueForKey domain:OOBE subDomain:ProxyCredentials key:ProxyUsername
09/19/16 13:51:03:740 | [INFO] |  | ASU | OPM | IMSLibHelper |  |  | 2503093 | Failed to get proxy user name from local db in getProxyCredentialsFromLocalStore
09/19/16 13:51:03:741 | [INFO] |  | ASU | OPM | IMSLib |  |  | 2503093 | Failed get proxy credentials from local store while creating IMSLib Ex instance ...
09/19/16 13:51:03:743 | [INFO] |  | ASU | OPM | IMSLib |  |  | 2503093 | Performing IMS_registerClientToGroup..
09/19/16 13:51:03:744 | [INFO] |  | ASU | OPM | OPM |  |  | 2503093 | Performing opm_getRecords...
09/19/16 13:51:03:745 | [INFO] |  | ASU | OPM | OPM |  |  | 2503093 | _opm_handle_OPDReturnedStatus called with opdStatus as:0
09/19/16 13:51:03:746 | [INFO] |  | ASU | OPM | OPM |  |  | 2503093 | _opm_handle_OPDReturnedStatus called with opdStatus as:0
09/19/16 13:51:03:748 | [INFO] |  | ASU | OPM | OPM |  |  | 2503093 | returning size of value as:79 in opm_getValueForKey
09/19/16 13:51:03:749 | [INFO] |  | ASU | OPM | OPM |  |  | 2503093 | _opm_handle_OPDReturnedStatus called with opdStatus as:0
09/19/16 13:51:03:750 | [INFO] |  | ASU | OPM | OPM |  |  | 2503093 | Successfully retreived value from opm domain:IMSLib subdomain:BuddyGroup key:0 in opm_getValueForKey
09/19/16 13:51:03:752 | [INFO] |  | ASU | OPM | IMSLib |  |  | 2503093 | Releasing IMSLib instance
09/19/16 13:51:03:753 | [INFO] |  | ASU | OPM | OPM |  |  | 2503093 | Released OPM refrence successfully in opm_freeLibRef
09/19/16 13:51:03:754 | [INFO] |  | ASU | OPM | IMSLibHelper |  |  | 2503093 | OPM reference freed
09/19/16 13:51:03:755 | [INFO] |  | ASU | OPM | IMSLib |  |  | 2503093 | IMSLib instance released ...
