09/19/16 10:41:15:541 | [INFO] |  | UPDATER | STARTUPUTILITY |  |  |  | 1368955 | >>> Adobe Updater Log Begin >>>
09/19/16 10:41:15:541 | [INFO] |  | UPDATER | STARTUPUTILITY |  |  |  | 1368955 | Application Version: 9.0.0.24
09/19/16 10:41:15:541 | [INFO] |  | UPDATER | STARTUPUTILITY |  |  |  | 1368955 | cmdline option: -logFile = /Volumes/Storage/cache/library.fbellott/Application Support/Adobe/AAMUpdater/1.0/aamul.log
09/19/16 10:41:15:541 | [INFO] |  | UPDATER | STARTUPUTILITY |  |  |  | 1368955 | cmdline option: -logLevel = 2
09/19/16 10:41:15:541 | [INFO] |  | UPDATER | STARTUPUTILITY |  |  |  | 1368955 | StartupUtility : Loaded at startup/logon.
09/19/16 10:41:15:640 | [INFO] |  | UPDATER | STARTUPUTILITY |  |  |  | 1368955 | CheckIfUpdaterIsEnabled : UpdaterIsNotEnabled.
09/19/16 10:41:15:640 | [INFO] |  | UPDATER | STARTUPUTILITY |  |  |  | 1368955 | StartupUtility : WARNING - Updater is NOT enabled.
09/19/16 10:41:15:640 | [INFO] |  | UPDATER | STARTUPUTILITY |  |  |  | 1368955 | Updater has never been run on the machine.
09/19/16 10:41:15:640 | [INFO] |  | UPDATER | STARTUPUTILITY |  |  |  | 1368955 | StartupUtility : Window is NOT Elapsed.
09/19/16 10:41:15:640 | [INFO] |  | UPDATER | STARTUPUTILITY |  |  |  | 1368955 | AdobeUpdaterGoCartLauncher : inside initialize.
09/19/16 10:41:17:887 | [INFO] |  | UPDATER | STARTUPUTILITY |  |  |  | 1368955 | AdobeUpdaterGoCartLauncher : inside getLatestGCApplication.
09/19/16 10:41:18:067 | [INFO] |  | UPDATER | STARTUPUTILITY |  |  |  | 1368955 | AdobeUpdaterGoCartLauncher : inside waitForCFUCallBack.
09/19/16 10:43:58:374 | [INFO] |  | UPDATER | STARTUPUTILITY |  |  |  | 2047602 | >>> Adobe Updater Log Begin >>>
09/19/16 10:43:58:467 | [INFO] |  | UPDATER | STARTUPUTILITY |  |  |  | 2047602 | Application Version: 9.0.0.24
09/19/16 10:43:58:467 | [INFO] |  | UPDATER | STARTUPUTILITY |  |  |  | 2047602 | cmdline option: -logFile = /Volumes/Storage/cache/library.fbellott/Application Support/Adobe/AAMUpdater/1.0/aamul.log
09/19/16 10:43:58:467 | [INFO] |  | UPDATER | STARTUPUTILITY |  |  |  | 2047602 | cmdline option: -logLevel = 2
09/19/16 10:43:58:467 | [INFO] |  | UPDATER | STARTUPUTILITY |  |  |  | 2047602 | StartupUtility : Loaded at startup/logon.
09/19/16 10:43:58:682 | [INFO] |  | UPDATER | STARTUPUTILITY |  |  |  | 2047602 | CheckIfUpdaterIsEnabled : UpdaterIsNotEnabled.
09/19/16 10:43:58:682 | [INFO] |  | UPDATER | STARTUPUTILITY |  |  |  | 2047602 | StartupUtility : WARNING - Updater is NOT enabled.
09/19/16 10:43:58:682 | [INFO] |  | UPDATER | STARTUPUTILITY |  |  |  | 2047602 | Updater has never been run on the machine.
09/19/16 10:43:58:682 | [INFO] |  | UPDATER | STARTUPUTILITY |  |  |  | 2047602 | StartupUtility : Window is NOT Elapsed.
09/19/16 10:43:58:682 | [INFO] |  | UPDATER | STARTUPUTILITY |  |  |  | 2047602 | AdobeUpdaterGoCartLauncher : inside initialize.
09/19/16 10:44:01:615 | [INFO] |  | UPDATER | STARTUPUTILITY |  |  |  | 2047602 | AdobeUpdaterGoCartLauncher : inside getLatestGCApplication.
09/19/16 10:44:01:734 | [INFO] |  | UPDATER | STARTUPUTILITY |  |  |  | 2047602 | AdobeUpdaterGoCartLauncher : inside waitForCFUCallBack.
09/19/16 10:44:17:153 | [INFO] |  | UPDATER | STARTUPUTILITY |  |  |  | 2047602 | AdobeUpdaterGoCartLauncher : AdobeGC_CFUCallbackFn is invoked
09/19/16 10:44:17:153 | [INFO] |  | UPDATER | STARTUPUTILITY |  |  |  | 2047602 | AdobeUpdaterGoCartLauncher : inside invokeGCApplication.
09/19/16 10:44:47:291 | [INFO] |  | UPDATER | STARTUPUTILITY |  |  |  | 2047602 | AdobeUpdaterGoCartLauncher : AdobeGC_ReleaseRef called.
09/19/16 10:44:47:291 | [INFO] |  | UPDATER | STARTUPUTILITY |  |  |  | 2047602 | AdobeUpdaterGoCartLauncher : inside finalize.
09/19/16 10:44:47:291 | [INFO] |  | UPDATER | STARTUPUTILITY |  |  |  | 2047602 | AdobeUpdaterGoCartLauncher : unloaded goCart library
09/19/16 11:51:00:848 | [INFO] |  | UPDATER | STARTUPUTILITY |  |  |  | 2231948 | >>> Adobe Updater Log Begin >>>
09/19/16 11:51:00:864 | [INFO] |  | UPDATER | STARTUPUTILITY |  |  |  | 2231948 | Application Version: 9.0.0.24
09/19/16 11:51:00:864 | [INFO] |  | UPDATER | STARTUPUTILITY |  |  |  | 2231948 | cmdline option: -logFile = /Volumes/Storage/cache/library.fbellott/Application Support/Adobe/AAMUpdater/1.0/aamul.log
09/19/16 11:51:00:864 | [INFO] |  | UPDATER | STARTUPUTILITY |  |  |  | 2231948 | cmdline option: -logLevel = 2
09/19/16 11:51:00:864 | [INFO] |  | UPDATER | STARTUPUTILITY |  |  |  | 2231948 | StartupUtility : Loaded at startup/logon.
09/19/16 11:51:00:884 | [INFO] |  | UPDATER | STARTUPUTILITY |  |  |  | 2231948 | CheckIfUpdaterIsEnabled : UpdaterIsNotEnabled.
09/19/16 11:51:00:884 | [INFO] |  | UPDATER | STARTUPUTILITY |  |  |  | 2231948 | StartupUtility : WARNING - Updater is NOT enabled.
09/19/16 11:51:00:884 | [INFO] |  | UPDATER | STARTUPUTILITY |  |  |  | 2231948 | Updater has never been run on the machine.
09/19/16 11:51:00:884 | [INFO] |  | UPDATER | STARTUPUTILITY |  |  |  | 2231948 | StartupUtility : Window is NOT Elapsed.
09/19/16 11:51:00:884 | [INFO] |  | UPDATER | STARTUPUTILITY |  |  |  | 2231948 | AdobeUpdaterGoCartLauncher : inside initialize.
09/19/16 11:51:01:653 | [INFO] |  | UPDATER | STARTUPUTILITY |  |  |  | 2231948 | AdobeUpdaterGoCartLauncher : inside getLatestGCApplication.
09/19/16 11:51:01:760 | [INFO] |  | UPDATER | STARTUPUTILITY |  |  |  | 2231948 | AdobeUpdaterGoCartLauncher : inside waitForCFUCallBack.
09/19/16 11:51:03:846 | [INFO] |  | UPDATER | STARTUPUTILITY |  |  |  | 2231948 | AdobeUpdaterGoCartLauncher : AdobeGC_CFUCallbackFn is invoked
09/19/16 11:51:03:847 | [INFO] |  | UPDATER | STARTUPUTILITY |  |  |  | 2231948 | AdobeUpdaterGoCartLauncher : inside invokeGCApplication.
09/19/16 11:51:34:119 | [INFO] |  | UPDATER | STARTUPUTILITY |  |  |  | 2231948 | AdobeUpdaterGoCartLauncher : AdobeGC_ReleaseRef called.
09/19/16 11:51:34:119 | [INFO] |  | UPDATER | STARTUPUTILITY |  |  |  | 2231948 | AdobeUpdaterGoCartLauncher : inside finalize.
09/19/16 11:51:34:119 | [INFO] |  | UPDATER | STARTUPUTILITY |  |  |  | 2231948 | AdobeUpdaterGoCartLauncher : unloaded goCart library
09/19/16 11:56:05:609 | [INFO] |  | UPDATER | STARTUPUTILITY |  |  |  | 2244691 | >>> Adobe Updater Log Begin >>>
09/19/16 11:56:05:609 | [INFO] |  | UPDATER | STARTUPUTILITY |  |  |  | 2244691 | Application Version: 9.0.0.24
09/19/16 11:56:05:609 | [INFO] |  | UPDATER | STARTUPUTILITY |  |  |  | 2244691 | cmdline option: -logFile = /Volumes/Storage/cache/library.fbellott/Application Support/Adobe/AAMUpdater/1.0/aamul.log
09/19/16 11:56:05:609 | [INFO] |  | UPDATER | STARTUPUTILITY |  |  |  | 2244691 | cmdline option: -logLevel = 2
09/19/16 11:56:05:609 | [INFO] |  | UPDATER | STARTUPUTILITY |  |  |  | 2244691 | StartupUtility : Loaded at startup/logon.
09/19/16 11:56:05:610 | [INFO] |  | UPDATER | STARTUPUTILITY |  |  |  | 2244691 | CheckIfUpdaterIsEnabled : UpdaterIsNotEnabled.
09/19/16 11:56:05:610 | [INFO] |  | UPDATER | STARTUPUTILITY |  |  |  | 2244691 | StartupUtility : WARNING - Updater is NOT enabled.
09/19/16 11:56:05:610 | [INFO] |  | UPDATER | STARTUPUTILITY |  |  |  | 2244691 | Updater has never been run on the machine.
09/19/16 11:56:05:610 | [INFO] |  | UPDATER | STARTUPUTILITY |  |  |  | 2244691 | StartupUtility : Window is NOT Elapsed.
09/19/16 11:56:05:610 | [INFO] |  | UPDATER | STARTUPUTILITY |  |  |  | 2244691 | AdobeUpdaterGoCartLauncher : inside initialize.
09/19/16 11:56:05:612 | [INFO] |  | UPDATER | STARTUPUTILITY |  |  |  | 2244691 | AdobeUpdaterGoCartLauncher : inside getLatestGCApplication.
09/19/16 11:56:05:615 | [INFO] |  | UPDATER | STARTUPUTILITY |  |  |  | 2244691 | AdobeUpdaterGoCartLauncher : inside waitForCFUCallBack.
09/19/16 11:56:06:615 | [INFO] |  | UPDATER | STARTUPUTILITY |  |  |  | 2244691 | AdobeUpdaterGoCartLauncher : AdobeGC_CFUCallbackFn is invoked
09/19/16 11:56:06:615 | [INFO] |  | UPDATER | STARTUPUTILITY |  |  |  | 2244691 | AdobeUpdaterGoCartLauncher : inside invokeGCApplication.
09/19/16 11:56:36:685 | [INFO] |  | UPDATER | STARTUPUTILITY |  |  |  | 2244691 | AdobeUpdaterGoCartLauncher : AdobeGC_ReleaseRef called.
09/19/16 11:56:36:685 | [INFO] |  | UPDATER | STARTUPUTILITY |  |  |  | 2244691 | AdobeUpdaterGoCartLauncher : inside finalize.
09/19/16 11:56:36:685 | [INFO] |  | UPDATER | STARTUPUTILITY |  |  |  | 2244691 | AdobeUpdaterGoCartLauncher : unloaded goCart library
09/19/16 12:32:46:679 | [INFO] |  | UPDATER | STARTUPUTILITY |  |  |  | 2311029 | >>> Adobe Updater Log Begin >>>
09/19/16 12:32:46:757 | [INFO] |  | UPDATER | STARTUPUTILITY |  |  |  | 2311029 | Application Version: 9.0.0.24
09/19/16 12:32:46:757 | [INFO] |  | UPDATER | STARTUPUTILITY |  |  |  | 2311029 | cmdline option: -logFile = /Volumes/Storage/cache/library.fbellott/Application Support/Adobe/AAMUpdater/1.0/aamul.log
09/19/16 12:32:46:757 | [INFO] |  | UPDATER | STARTUPUTILITY |  |  |  | 2311029 | cmdline option: -logLevel = 2
09/19/16 12:32:46:757 | [INFO] |  | UPDATER | STARTUPUTILITY |  |  |  | 2311029 | StartupUtility : Loaded at startup/logon.
09/19/16 12:32:46:884 | [INFO] |  | UPDATER | STARTUPUTILITY |  |  |  | 2311029 | CheckIfUpdaterIsEnabled : UpdaterIsNotEnabled.
09/19/16 12:32:46:884 | [INFO] |  | UPDATER | STARTUPUTILITY |  |  |  | 2311029 | StartupUtility : WARNING - Updater is NOT enabled.
09/19/16 12:32:46:884 | [INFO] |  | UPDATER | STARTUPUTILITY |  |  |  | 2311029 | Updater has never been run on the machine.
09/19/16 12:32:46:884 | [INFO] |  | UPDATER | STARTUPUTILITY |  |  |  | 2311029 | StartupUtility : Window is NOT Elapsed.
09/19/16 12:32:46:884 | [INFO] |  | UPDATER | STARTUPUTILITY |  |  |  | 2311029 | AdobeUpdaterGoCartLauncher : inside initialize.
09/19/16 12:32:47:958 | [INFO] |  | UPDATER | STARTUPUTILITY |  |  |  | 2311029 | AdobeUpdaterGoCartLauncher : inside getLatestGCApplication.
09/19/16 12:32:48:021 | [INFO] |  | UPDATER | STARTUPUTILITY |  |  |  | 2311029 | AdobeUpdaterGoCartLauncher : inside waitForCFUCallBack.
09/19/16 12:33:00:352 | [INFO] |  | UPDATER | STARTUPUTILITY |  |  |  | 2311029 | AdobeUpdaterGoCartLauncher : AdobeGC_CFUCallbackFn is invoked
09/19/16 12:33:00:352 | [INFO] |  | UPDATER | STARTUPUTILITY |  |  |  | 2311029 | AdobeUpdaterGoCartLauncher : inside invokeGCApplication.
09/19/16 12:33:30:438 | [INFO] |  | UPDATER | STARTUPUTILITY |  |  |  | 2311029 | AdobeUpdaterGoCartLauncher : AdobeGC_ReleaseRef called.
09/19/16 12:33:30:438 | [INFO] |  | UPDATER | STARTUPUTILITY |  |  |  | 2311029 | AdobeUpdaterGoCartLauncher : inside finalize.
09/19/16 12:33:30:438 | [INFO] |  | UPDATER | STARTUPUTILITY |  |  |  | 2311029 | AdobeUpdaterGoCartLauncher : unloaded goCart library
09/19/16 12:34:57:492 | [INFO] |  | UPDATER | STARTUPUTILITY |  |  |  | 2319465 | >>> Adobe Updater Log Begin >>>
09/19/16 12:34:57:492 | [INFO] |  | UPDATER | STARTUPUTILITY |  |  |  | 2319465 | Application Version: 9.0.0.24
09/19/16 12:34:57:492 | [INFO] |  | UPDATER | STARTUPUTILITY |  |  |  | 2319465 | cmdline option: -logFile = /Volumes/Storage/cache/library.fbellott/Application Support/Adobe/AAMUpdater/1.0/aamul.log
09/19/16 12:34:57:492 | [INFO] |  | UPDATER | STARTUPUTILITY |  |  |  | 2319465 | cmdline option: -logLevel = 2
09/19/16 12:34:57:492 | [INFO] |  | UPDATER | STARTUPUTILITY |  |  |  | 2319465 | StartupUtility : Loaded at startup/logon.
09/19/16 12:34:57:492 | [INFO] |  | UPDATER | STARTUPUTILITY |  |  |  | 2319465 | CheckIfUpdaterIsEnabled : UpdaterIsNotEnabled.
09/19/16 12:34:57:492 | [INFO] |  | UPDATER | STARTUPUTILITY |  |  |  | 2319465 | StartupUtility : WARNING - Updater is NOT enabled.
09/19/16 12:34:57:493 | [INFO] |  | UPDATER | STARTUPUTILITY |  |  |  | 2319465 | Updater has never been run on the machine.
09/19/16 12:34:57:493 | [INFO] |  | UPDATER | STARTUPUTILITY |  |  |  | 2319465 | StartupUtility : Window is NOT Elapsed.
09/19/16 12:34:57:493 | [INFO] |  | UPDATER | STARTUPUTILITY |  |  |  | 2319465 | AdobeUpdaterGoCartLauncher : inside initialize.
09/19/16 12:34:57:494 | [INFO] |  | UPDATER | STARTUPUTILITY |  |  |  | 2319465 | AdobeUpdaterGoCartLauncher : inside getLatestGCApplication.
09/19/16 12:34:57:497 | [INFO] |  | UPDATER | STARTUPUTILITY |  |  |  | 2319465 | AdobeUpdaterGoCartLauncher : inside waitForCFUCallBack.
09/19/16 12:34:58:497 | [INFO] |  | UPDATER | STARTUPUTILITY |  |  |  | 2319465 | AdobeUpdaterGoCartLauncher : AdobeGC_CFUCallbackFn is invoked
09/19/16 12:34:58:497 | [INFO] |  | UPDATER | STARTUPUTILITY |  |  |  | 2319465 | AdobeUpdaterGoCartLauncher : inside invokeGCApplication.
09/19/16 12:35:28:546 | [INFO] |  | UPDATER | STARTUPUTILITY |  |  |  | 2319465 | AdobeUpdaterGoCartLauncher : AdobeGC_ReleaseRef called.
09/19/16 12:35:28:546 | [INFO] |  | UPDATER | STARTUPUTILITY |  |  |  | 2319465 | AdobeUpdaterGoCartLauncher : inside finalize.
09/19/16 12:35:28:546 | [INFO] |  | UPDATER | STARTUPUTILITY |  |  |  | 2319465 | AdobeUpdaterGoCartLauncher : unloaded goCart library
09/19/16 12:41:34:211 | [INFO] |  | UPDATER | STARTUPUTILITY |  |  |  | 2337507 | >>> Adobe Updater Log Begin >>>
09/19/16 12:41:34:211 | [INFO] |  | UPDATER | STARTUPUTILITY |  |  |  | 2337507 | Application Version: 9.0.0.24
09/19/16 12:41:34:211 | [INFO] |  | UPDATER | STARTUPUTILITY |  |  |  | 2337507 | cmdline option: -logFile = /Volumes/Storage/cache/library.fbellott/Application Support/Adobe/AAMUpdater/1.0/aamul.log
09/19/16 12:41:34:211 | [INFO] |  | UPDATER | STARTUPUTILITY |  |  |  | 2337507 | cmdline option: -logLevel = 2
09/19/16 12:41:34:211 | [INFO] |  | UPDATER | STARTUPUTILITY |  |  |  | 2337507 | StartupUtility : Loaded at startup/logon.
09/19/16 12:41:34:211 | [INFO] |  | UPDATER | STARTUPUTILITY |  |  |  | 2337507 | CheckIfUpdaterIsEnabled : UpdaterIsNotEnabled.
09/19/16 12:41:34:211 | [INFO] |  | UPDATER | STARTUPUTILITY |  |  |  | 2337507 | StartupUtility : WARNING - Updater is NOT enabled.
09/19/16 12:41:34:211 | [INFO] |  | UPDATER | STARTUPUTILITY |  |  |  | 2337507 | Updater has never been run on the machine.
09/19/16 12:41:34:212 | [INFO] |  | UPDATER | STARTUPUTILITY |  |  |  | 2337507 | StartupUtility : Window is NOT Elapsed.
09/19/16 12:41:34:212 | [INFO] |  | UPDATER | STARTUPUTILITY |  |  |  | 2337507 | AdobeUpdaterGoCartLauncher : inside initialize.
09/19/16 12:41:34:213 | [INFO] |  | UPDATER | STARTUPUTILITY |  |  |  | 2337507 | AdobeUpdaterGoCartLauncher : inside getLatestGCApplication.
09/19/16 12:41:34:217 | [INFO] |  | UPDATER | STARTUPUTILITY |  |  |  | 2337507 | AdobeUpdaterGoCartLauncher : inside waitForCFUCallBack.
09/19/16 12:41:35:283 | [INFO] |  | UPDATER | STARTUPUTILITY |  |  |  | 2337507 | AdobeUpdaterGoCartLauncher : AdobeGC_CFUCallbackFn is invoked
09/19/16 12:41:35:283 | [INFO] |  | UPDATER | STARTUPUTILITY |  |  |  | 2337507 | AdobeUpdaterGoCartLauncher : inside invokeGCApplication.
09/19/16 12:42:05:347 | [INFO] |  | UPDATER | STARTUPUTILITY |  |  |  | 2337507 | AdobeUpdaterGoCartLauncher : AdobeGC_ReleaseRef called.
09/19/16 12:42:05:347 | [INFO] |  | UPDATER | STARTUPUTILITY |  |  |  | 2337507 | AdobeUpdaterGoCartLauncher : inside finalize.
09/19/16 12:42:05:347 | [INFO] |  | UPDATER | STARTUPUTILITY |  |  |  | 2337507 | AdobeUpdaterGoCartLauncher : unloaded goCart library
09/19/16 13:24:58:430 | [INFO] |  | UPDATER | STARTUPUTILITY |  |  |  | 2435619 | >>> Adobe Updater Log Begin >>>
09/19/16 13:24:58:490 | [INFO] |  | UPDATER | STARTUPUTILITY |  |  |  | 2435619 | Application Version: 9.0.0.24
09/19/16 13:24:58:490 | [INFO] |  | UPDATER | STARTUPUTILITY |  |  |  | 2435619 | cmdline option: -logFile = /Volumes/Storage/cache/library.fbellott/Application Support/Adobe/AAMUpdater/1.0/aamul.log
09/19/16 13:24:58:490 | [INFO] |  | UPDATER | STARTUPUTILITY |  |  |  | 2435619 | cmdline option: -logLevel = 2
09/19/16 13:24:58:490 | [INFO] |  | UPDATER | STARTUPUTILITY |  |  |  | 2435619 | StartupUtility : Loaded at startup/logon.
09/19/16 13:24:58:853 | [INFO] |  | UPDATER | STARTUPUTILITY |  |  |  | 2435619 | CheckIfUpdaterIsEnabled : UpdaterIsNotEnabled.
09/19/16 13:24:58:853 | [INFO] |  | UPDATER | STARTUPUTILITY |  |  |  | 2435619 | StartupUtility : WARNING - Updater is NOT enabled.
09/19/16 13:24:58:853 | [INFO] |  | UPDATER | STARTUPUTILITY |  |  |  | 2435619 | Updater has never been run on the machine.
09/19/16 13:24:58:853 | [INFO] |  | UPDATER | STARTUPUTILITY |  |  |  | 2435619 | StartupUtility : Window is NOT Elapsed.
09/19/16 13:24:58:853 | [INFO] |  | UPDATER | STARTUPUTILITY |  |  |  | 2435619 | AdobeUpdaterGoCartLauncher : inside initialize.
09/19/16 13:25:00:601 | [INFO] |  | UPDATER | STARTUPUTILITY |  |  |  | 2435619 | AdobeUpdaterGoCartLauncher : inside getLatestGCApplication.
09/19/16 13:25:00:867 | [INFO] |  | UPDATER | STARTUPUTILITY |  |  |  | 2435619 | AdobeUpdaterGoCartLauncher : inside waitForCFUCallBack.
09/19/16 13:25:13:412 | [INFO] |  | UPDATER | STARTUPUTILITY |  |  |  | 2435619 | AdobeUpdaterGoCartLauncher : AdobeGC_CFUCallbackFn is invoked
09/19/16 13:25:13:412 | [INFO] |  | UPDATER | STARTUPUTILITY |  |  |  | 2435619 | AdobeUpdaterGoCartLauncher : inside invokeGCApplication.
09/19/16 13:25:43:576 | [INFO] |  | UPDATER | STARTUPUTILITY |  |  |  | 2435619 | AdobeUpdaterGoCartLauncher : AdobeGC_ReleaseRef called.
09/19/16 13:25:43:576 | [INFO] |  | UPDATER | STARTUPUTILITY |  |  |  | 2435619 | AdobeUpdaterGoCartLauncher : inside finalize.
09/19/16 13:25:43:576 | [INFO] |  | UPDATER | STARTUPUTILITY |  |  |  | 2435619 | AdobeUpdaterGoCartLauncher : unloaded goCart library
09/19/16 13:29:32:368 | [INFO] |  | UPDATER | STARTUPUTILITY |  |  |  | 2449726 | >>> Adobe Updater Log Begin >>>
09/19/16 13:29:32:368 | [INFO] |  | UPDATER | STARTUPUTILITY |  |  |  | 2449726 | Application Version: 9.0.0.24
09/19/16 13:29:32:368 | [INFO] |  | UPDATER | STARTUPUTILITY |  |  |  | 2449726 | cmdline option: -logFile = /Volumes/Storage/cache/library.fbellott/Application Support/Adobe/AAMUpdater/1.0/aamul.log
09/19/16 13:29:32:368 | [INFO] |  | UPDATER | STARTUPUTILITY |  |  |  | 2449726 | cmdline option: -logLevel = 2
09/19/16 13:29:32:368 | [INFO] |  | UPDATER | STARTUPUTILITY |  |  |  | 2449726 | StartupUtility : Loaded at startup/logon.
09/19/16 13:29:32:368 | [INFO] |  | UPDATER | STARTUPUTILITY |  |  |  | 2449726 | CheckIfUpdaterIsEnabled : UpdaterIsNotEnabled.
09/19/16 13:29:32:368 | [INFO] |  | UPDATER | STARTUPUTILITY |  |  |  | 2449726 | StartupUtility : WARNING - Updater is NOT enabled.
09/19/16 13:29:32:369 | [INFO] |  | UPDATER | STARTUPUTILITY |  |  |  | 2449726 | Updater has never been run on the machine.
09/19/16 13:29:32:369 | [INFO] |  | UPDATER | STARTUPUTILITY |  |  |  | 2449726 | StartupUtility : Window is NOT Elapsed.
09/19/16 13:29:32:369 | [INFO] |  | UPDATER | STARTUPUTILITY |  |  |  | 2449726 | AdobeUpdaterGoCartLauncher : inside initialize.
09/19/16 13:29:32:371 | [INFO] |  | UPDATER | STARTUPUTILITY |  |  |  | 2449726 | AdobeUpdaterGoCartLauncher : inside getLatestGCApplication.
09/19/16 13:29:32:377 | [INFO] |  | UPDATER | STARTUPUTILITY |  |  |  | 2449726 | AdobeUpdaterGoCartLauncher : inside waitForCFUCallBack.
09/19/16 13:29:33:377 | [INFO] |  | UPDATER | STARTUPUTILITY |  |  |  | 2449726 | AdobeUpdaterGoCartLauncher : AdobeGC_CFUCallbackFn is invoked
09/19/16 13:29:33:377 | [INFO] |  | UPDATER | STARTUPUTILITY |  |  |  | 2449726 | AdobeUpdaterGoCartLauncher : inside invokeGCApplication.
09/19/16 13:30:03:453 | [INFO] |  | UPDATER | STARTUPUTILITY |  |  |  | 2449726 | AdobeUpdaterGoCartLauncher : AdobeGC_ReleaseRef called.
09/19/16 13:30:03:453 | [INFO] |  | UPDATER | STARTUPUTILITY |  |  |  | 2449726 | AdobeUpdaterGoCartLauncher : inside finalize.
09/19/16 13:30:03:453 | [INFO] |  | UPDATER | STARTUPUTILITY |  |  |  | 2449726 | AdobeUpdaterGoCartLauncher : unloaded goCart library
09/19/16 13:34:09:894 | [INFO] |  | UPDATER | STARTUPUTILITY |  |  |  | 2463080 | >>> Adobe Updater Log Begin >>>
09/19/16 13:34:09:895 | [INFO] |  | UPDATER | STARTUPUTILITY |  |  |  | 2463080 | Application Version: 9.0.0.24
09/19/16 13:34:09:895 | [INFO] |  | UPDATER | STARTUPUTILITY |  |  |  | 2463080 | cmdline option: -logFile = /Volumes/Storage/cache/library.fbellott/Application Support/Adobe/AAMUpdater/1.0/aamul.log
09/19/16 13:34:09:897 | [INFO] |  | UPDATER | STARTUPUTILITY |  |  |  | 2463080 | cmdline option: -logLevel = 2
09/19/16 13:34:09:897 | [INFO] |  | UPDATER | STARTUPUTILITY |  |  |  | 2463080 | StartupUtility : Loaded at startup/logon.
09/19/16 13:34:09:897 | [INFO] |  | UPDATER | STARTUPUTILITY |  |  |  | 2463080 | CheckIfUpdaterIsEnabled : UpdaterIsNotEnabled.
09/19/16 13:34:09:897 | [INFO] |  | UPDATER | STARTUPUTILITY |  |  |  | 2463080 | StartupUtility : WARNING - Updater is NOT enabled.
09/19/16 13:34:09:897 | [INFO] |  | UPDATER | STARTUPUTILITY |  |  |  | 2463080 | Updater has never been run on the machine.
09/19/16 13:34:09:897 | [INFO] |  | UPDATER | STARTUPUTILITY |  |  |  | 2463080 | StartupUtility : Window is NOT Elapsed.
09/19/16 13:34:09:897 | [INFO] |  | UPDATER | STARTUPUTILITY |  |  |  | 2463080 | AdobeUpdaterGoCartLauncher : inside initialize.
09/19/16 13:34:09:903 | [INFO] |  | UPDATER | STARTUPUTILITY |  |  |  | 2463080 | AdobeUpdaterGoCartLauncher : inside getLatestGCApplication.
09/19/16 13:34:09:907 | [INFO] |  | UPDATER | STARTUPUTILITY |  |  |  | 2463080 | AdobeUpdaterGoCartLauncher : inside waitForCFUCallBack.
09/19/16 13:34:10:907 | [INFO] |  | UPDATER | STARTUPUTILITY |  |  |  | 2463080 | AdobeUpdaterGoCartLauncher : AdobeGC_CFUCallbackFn is invoked
09/19/16 13:34:10:907 | [INFO] |  | UPDATER | STARTUPUTILITY |  |  |  | 2463080 | AdobeUpdaterGoCartLauncher : inside invokeGCApplication.
09/19/16 13:34:40:922 | [INFO] |  | UPDATER | STARTUPUTILITY |  |  |  | 2463080 | AdobeUpdaterGoCartLauncher : AdobeGC_ReleaseRef called.
09/19/16 13:34:40:922 | [INFO] |  | UPDATER | STARTUPUTILITY |  |  |  | 2463080 | AdobeUpdaterGoCartLauncher : inside finalize.
09/19/16 13:34:40:922 | [INFO] |  | UPDATER | STARTUPUTILITY |  |  |  | 2463080 | AdobeUpdaterGoCartLauncher : unloaded goCart library
09/19/16 13:43:15:167 | [INFO] |  | UPDATER | STARTUPUTILITY |  |  |  | 2486146 | >>> Adobe Updater Log Begin >>>
09/19/16 13:43:15:167 | [INFO] |  | UPDATER | STARTUPUTILITY |  |  |  | 2486146 | Application Version: 9.0.0.24
09/19/16 13:43:15:167 | [INFO] |  | UPDATER | STARTUPUTILITY |  |  |  | 2486146 | cmdline option: -logFile = /Volumes/Storage/cache/library.fbellott/Application Support/Adobe/AAMUpdater/1.0/aamul.log
09/19/16 13:43:15:167 | [INFO] |  | UPDATER | STARTUPUTILITY |  |  |  | 2486146 | cmdline option: -logLevel = 2
09/19/16 13:43:15:168 | [INFO] |  | UPDATER | STARTUPUTILITY |  |  |  | 2486146 | StartupUtility : Loaded at startup/logon.
09/19/16 13:43:15:168 | [INFO] |  | UPDATER | STARTUPUTILITY |  |  |  | 2486146 | CheckIfUpdaterIsEnabled : UpdaterIsNotEnabled.
09/19/16 13:43:15:168 | [INFO] |  | UPDATER | STARTUPUTILITY |  |  |  | 2486146 | StartupUtility : WARNING - Updater is NOT enabled.
09/19/16 13:43:15:168 | [INFO] |  | UPDATER | STARTUPUTILITY |  |  |  | 2486146 | Updater has never been run on the machine.
09/19/16 13:43:15:168 | [INFO] |  | UPDATER | STARTUPUTILITY |  |  |  | 2486146 | StartupUtility : Window is NOT Elapsed.
09/19/16 13:43:15:168 | [INFO] |  | UPDATER | STARTUPUTILITY |  |  |  | 2486146 | AdobeUpdaterGoCartLauncher : inside initialize.
09/19/16 13:43:15:173 | [INFO] |  | UPDATER | STARTUPUTILITY |  |  |  | 2486146 | AdobeUpdaterGoCartLauncher : inside getLatestGCApplication.
09/19/16 13:43:15:181 | [INFO] |  | UPDATER | STARTUPUTILITY |  |  |  | 2486146 | AdobeUpdaterGoCartLauncher : inside waitForCFUCallBack.
09/19/16 13:43:16:254 | [INFO] |  | UPDATER | STARTUPUTILITY |  |  |  | 2486146 | AdobeUpdaterGoCartLauncher : AdobeGC_CFUCallbackFn is invoked
09/19/16 13:43:16:254 | [INFO] |  | UPDATER | STARTUPUTILITY |  |  |  | 2486146 | AdobeUpdaterGoCartLauncher : inside invokeGCApplication.
09/19/16 13:43:46:324 | [INFO] |  | UPDATER | STARTUPUTILITY |  |  |  | 2486146 | AdobeUpdaterGoCartLauncher : AdobeGC_ReleaseRef called.
09/19/16 13:43:46:324 | [INFO] |  | UPDATER | STARTUPUTILITY |  |  |  | 2486146 | AdobeUpdaterGoCartLauncher : inside finalize.
09/19/16 13:43:46:324 | [INFO] |  | UPDATER | STARTUPUTILITY |  |  |  | 2486146 | AdobeUpdaterGoCartLauncher : unloaded goCart library
